<?xml version="1.0" encoding="UTF-8"?>
<!-- Generated by org.testng.reporters.JUnitReportReporter -->
<testsuite hostname="ip-172-31-31-95.ec2.internal" name="org.wso2.am.integration.tests.api.lifecycle.APIVisibilityByDomainTestCase" tests="12" failures="0" timestamp="5 Nov 2018 08:23:55 GMT" time="17.590" errors="0">
  <testcase name="testVisibilityForAnonymousUserInSameDomainInStore" time="0.041" classname="org.wso2.am.integration.tests.api.lifecycle.APIVisibilityByDomainTestCase"/>
  <testcase name="testVisibilityForAdminInSameDomainInPublisher" time="0.027" classname="org.wso2.am.integration.tests.api.lifecycle.APIVisibilityByDomainTestCase"/>
  <testcase name="testVisibilityForAdminInOtherDomainInStore" time="0.010" classname="org.wso2.am.integration.tests.api.lifecycle.APIVisibilityByDomainTestCase"/>
  <testcase name="testVisibilityForAdminInSameDomainInStore" time="0.013" classname="org.wso2.am.integration.tests.api.lifecycle.APIVisibilityByDomainTestCase"/>
  <testcase name="testVisibilityForAnotherUserInOtherDomainInStore" time="0.025" classname="org.wso2.am.integration.tests.api.lifecycle.APIVisibilityByDomainTestCase"/>
  <testcase name="testVisibilityForAnotherUserInSameDomainInStore" time="0.028" classname="org.wso2.am.integration.tests.api.lifecycle.APIVisibilityByDomainTestCase"/>
  <testcase name="testVisibilityForCreatorInPublisher" time="17.326" classname="org.wso2.am.integration.tests.api.lifecycle.APIVisibilityByDomainTestCase"/>
  <testcase name="testVisibilityForAnotherUserInOtherDomainInPublisher" time="0.005" classname="org.wso2.am.integration.tests.api.lifecycle.APIVisibilityByDomainTestCase"/>
  <testcase name="testVisibilityForCreatorInStore" time="0.017" classname="org.wso2.am.integration.tests.api.lifecycle.APIVisibilityByDomainTestCase"/>
  <testcase name="testVisibilityForAdminInOtherDomainInPublisher" time="0.040" classname="org.wso2.am.integration.tests.api.lifecycle.APIVisibilityByDomainTestCase"/>
  <testcase name="testVisibilityForAnonymousUserInOtherDomainInStore" time="0.033" classname="org.wso2.am.integration.tests.api.lifecycle.APIVisibilityByDomainTestCase"/>
  <testcase name="testVisibilityForAnotherUserInSameDomainInPublisher" time="0.025" classname="org.wso2.am.integration.tests.api.lifecycle.APIVisibilityByDomainTestCase"/>
</testsuite>
