<?xml version="1.0" encoding="UTF-8"?>
<!-- Generated by org.testng.reporters.JUnitReportReporter -->
<testsuite hostname="ip-172-31-31-95.ec2.internal" name="org.wso2.am.integration.tests.other.APIM714GetAllDocumentationTestCase" tests="2" failures="0" timestamp="5 Nov 2018 08:23:55 GMT" time="0.058" errors="0">
  <testcase name="testAllDocuments" time="0.032" classname="org.wso2.am.integration.tests.other.APIM714GetAllDocumentationTestCase"/>
  <testcase name="testAllDocuments" time="0.026" classname="org.wso2.am.integration.tests.other.APIM714GetAllDocumentationTestCase"/>
</testsuite>
