<?xml version="1.0" encoding="UTF-8"?>
<!-- Generated by org.testng.reporters.JUnitReportReporter -->
<testsuite hostname="ip-172-31-31-95.ec2.internal" name="org.wso2.am.integration.tests.other.CopyNewVersionTestCase" tests="2" failures="0" timestamp="5 Nov 2018 08:23:55 GMT" time="2.503" errors="0">
  <testcase name="copyApiNewVersion" time="1.238" classname="org.wso2.am.integration.tests.other.CopyNewVersionTestCase"/>
  <testcase name="copyApiNewVersion" time="1.265" classname="org.wso2.am.integration.tests.other.CopyNewVersionTestCase"/>
</testsuite>
