<?xml version="1.0" encoding="UTF-8"?>
<!-- Generated by org.testng.reporters.JUnitReportReporter -->
<testsuite hostname="ip-172-31-31-95.ec2.internal" name="org.wso2.am.integration.tests.api.lifecycle.AccessibilityOfOldAPIAndCopyAPIWithReSubscriptionTestCase" tests="6" failures="0" timestamp="5 Nov 2018 08:23:55 GMT" time="36.046" errors="0">
  <testcase name="testInvokeOldAPIBeforeSubscribeTheNewVersion" time="0.692" classname="org.wso2.am.integration.tests.api.lifecycle.AccessibilityOfOldAPIAndCopyAPIWithReSubscriptionTestCase"/>
  <testcase name="testSubscriptionOfOldAPI" time="2.394" classname="org.wso2.am.integration.tests.api.lifecycle.AccessibilityOfOldAPIAndCopyAPIWithReSubscriptionTestCase"/>
  <testcase name="testInvokeNewAPIAfterSubscribeTheNewVersion" time="30.065" classname="org.wso2.am.integration.tests.api.lifecycle.AccessibilityOfOldAPIAndCopyAPIWithReSubscriptionTestCase"/>
  <testcase name="testSubscribeTheNewVersion" time="0.054" classname="org.wso2.am.integration.tests.api.lifecycle.AccessibilityOfOldAPIAndCopyAPIWithReSubscriptionTestCase"/>
  <testcase name="testInvokeNewAPIBeforeSubscribeTheNewVersion" time="0.042" classname="org.wso2.am.integration.tests.api.lifecycle.AccessibilityOfOldAPIAndCopyAPIWithReSubscriptionTestCase"/>
  <testcase name="testPublishCopiedAPIWithReSubscriptionRequired" time="2.799" classname="org.wso2.am.integration.tests.api.lifecycle.AccessibilityOfOldAPIAndCopyAPIWithReSubscriptionTestCase"/>
</testsuite>
