<?xml version="1.0" encoding="UTF-8"?>
<!-- Generated by org.testng.reporters.JUnitReportReporter -->
<testsuite hostname="ip-172-31-31-95.ec2.internal" name="org.wso2.am.integration.tests.api.lifecycle.APIVisibilityByRoleTestCase" tests="13" failures="0" timestamp="5 Nov 2018 08:23:55 GMT" time="35.180" errors="0">
  <testcase name="testVisibilityForAdminUserWithAdminAndSubscriberRoleInSameDomainInStore" time="0.024" classname="org.wso2.am.integration.tests.api.lifecycle.APIVisibilityByRoleTestCase"/>
  <testcase name="testVisibilityForAdminWithAdminAndSubscriberRoleInOtherDomainInPublisher" time="0.006" classname="org.wso2.am.integration.tests.api.lifecycle.APIVisibilityByRoleTestCase"/>
  <testcase name="testVisibilityForAnotherUserWithSubscriberRoleInSameDomainInStore" time="0.059" classname="org.wso2.am.integration.tests.api.lifecycle.APIVisibilityByRoleTestCase"/>
  <testcase name="testVisibilityForAnotherUserWithAdminAndSubscriberRoleInSameDomainInPublisher" time="0.037" classname="org.wso2.am.integration.tests.api.lifecycle.APIVisibilityByRoleTestCase"/>
  <testcase name="testVisibilityForAnotherUserWithAdminAndSubscriberRoleInOtherDomainInStore" time="0.005" classname="org.wso2.am.integration.tests.api.lifecycle.APIVisibilityByRoleTestCase"/>
  <testcase name="testVisibilityForAnonymousUserInOtherDomainInStore" time="0.016" classname="org.wso2.am.integration.tests.api.lifecycle.APIVisibilityByRoleTestCase"/>
  <testcase name="testVisibilityForAnotherUserWithSubscriberRoleInOtherDomainInStore" time="0.004" classname="org.wso2.am.integration.tests.api.lifecycle.APIVisibilityByRoleTestCase"/>
  <testcase name="testVisibilityForCreatorInStore" time="0.022" classname="org.wso2.am.integration.tests.api.lifecycle.APIVisibilityByRoleTestCase"/>
  <testcase name="testVisibilityForAnotherUserWithAdminAndSubscriberRoleInSameDomainInStore" time="0.022" classname="org.wso2.am.integration.tests.api.lifecycle.APIVisibilityByRoleTestCase"/>
  <testcase name="testVisibilityForAnonymousUserInSameDomainInStore" time="0.010" classname="org.wso2.am.integration.tests.api.lifecycle.APIVisibilityByRoleTestCase"/>
  <testcase name="testVisibilityForCreatorInPublisher" time="34.923" classname="org.wso2.am.integration.tests.api.lifecycle.APIVisibilityByRoleTestCase"/>
  <testcase name="testVisibilityForAnotherUserWithAdminAndSubscriberRoleInOtherDomainInPublisher" time="0.003" classname="org.wso2.am.integration.tests.api.lifecycle.APIVisibilityByRoleTestCase"/>
  <testcase name="testVisibilityForAdminWithAdminAndSubscriberRoleInOtherDomainInStore" time="0.049" classname="org.wso2.am.integration.tests.api.lifecycle.APIVisibilityByRoleTestCase"/>
</testsuite>
