<?xml version="1.0" encoding="UTF-8"?>
<!-- Generated by org.testng.reporters.JUnitReportReporter -->
<testsuite hostname="ip-172-31-31-95.ec2.internal" name="org.wso2.am.integration.tests.publisher.APIM574ChangeTheStatusOfAnAPIToPrototypedThroughThePublisherRestAPITestCase" tests="5" failures="0" timestamp="5 Nov 2018 08:23:55 GMT" time="7.607" errors="0">
  <testcase name="testChangeTheStatusOfTheAPIToPrototyped" time="1.687" classname="org.wso2.am.integration.tests.publisher.APIM574ChangeTheStatusOfAnAPIToPrototypedThroughThePublisherRestAPITestCase"/>
  <testcase name="testCreateAnAPIThroughThePublisherRest" time="0.668" classname="org.wso2.am.integration.tests.publisher.APIM574ChangeTheStatusOfAnAPIToPrototypedThroughThePublisherRestAPITestCase"/>
  <testcase name="testChangeTheStatusOfTheAPIToPublished" time="1.873" classname="org.wso2.am.integration.tests.publisher.APIM574ChangeTheStatusOfAnAPIToPrototypedThroughThePublisherRestAPITestCase"/>
  <testcase name="testChangeTheStatusOfTheAPIToRetired" time="1.702" classname="org.wso2.am.integration.tests.publisher.APIM574ChangeTheStatusOfAnAPIToPrototypedThroughThePublisherRestAPITestCase"/>
  <testcase name="testChangeTheStatusOfTheAPIToDeprecated" time="1.677" classname="org.wso2.am.integration.tests.publisher.APIM574ChangeTheStatusOfAnAPIToPrototypedThroughThePublisherRestAPITestCase"/>
</testsuite>
