<?xml version="1.0" encoding="UTF-8"?>
<!-- Generated by org.testng.reporters.JUnitReportReporter -->
<testsuite hostname="ip-172-31-31-95.ec2.internal" name="org.wso2.am.integration.tests.sequence.DefaultEndpointTestCase" tests="1" failures="0" timestamp="5 Nov 2018 08:23:55 GMT" time="18.749" errors="0">
  <testcase name="testAPIInvocationAfterAddingDynamicEndpoint" time="18.749" classname="org.wso2.am.integration.tests.sequence.DefaultEndpointTestCase"/>
</testsuite>
