<?xml version="1.0" encoding="UTF-8"?>
<!-- Generated by org.testng.reporters.JUnitReportReporter -->
<testsuite hostname="ip-172-31-31-95.ec2.internal" name="org.wso2.am.integration.tests.api.lifecycle.APIVisibilityByPublicTestCase" tests="12" failures="0" timestamp="5 Nov 2018 08:23:55 GMT" time="4.568" errors="0">
  <testcase name="testVisibilityForAdminInSameDomainInPublisher" time="0.025" classname="org.wso2.am.integration.tests.api.lifecycle.APIVisibilityByPublicTestCase"/>
  <testcase name="testVisibilityForCreatorInPublisher" time="2.368" classname="org.wso2.am.integration.tests.api.lifecycle.APIVisibilityByPublicTestCase"/>
  <testcase name="testVisibilityForAdminInOtherDomainInPublisher" time="0.005" classname="org.wso2.am.integration.tests.api.lifecycle.APIVisibilityByPublicTestCase"/>
  <testcase name="testVisibilityForAdminInOtherDomainInStore" time="0.006" classname="org.wso2.am.integration.tests.api.lifecycle.APIVisibilityByPublicTestCase"/>
  <testcase name="testVisibilityForAnotherUserInSameDomainInStore" time="0.014" classname="org.wso2.am.integration.tests.api.lifecycle.APIVisibilityByPublicTestCase"/>
  <testcase name="testVisibilityForAnonymousUserInSameDomainInStore" time="2.050" classname="org.wso2.am.integration.tests.api.lifecycle.APIVisibilityByPublicTestCase"/>
  <testcase name="testVisibilityForAdminInSameDomainInStore" time="0.015" classname="org.wso2.am.integration.tests.api.lifecycle.APIVisibilityByPublicTestCase"/>
  <testcase name="testVisibilityForAnonymousUserInOtherDomainInStore" time="0.032" classname="org.wso2.am.integration.tests.api.lifecycle.APIVisibilityByPublicTestCase"/>
  <testcase name="testVisibilityForAnotherUserInOtherDomainInPublisher" time="0.007" classname="org.wso2.am.integration.tests.api.lifecycle.APIVisibilityByPublicTestCase"/>
  <testcase name="testVisibilityForAnotherUserInOtherDomainInStore" time="0.005" classname="org.wso2.am.integration.tests.api.lifecycle.APIVisibilityByPublicTestCase"/>
  <testcase name="testVisibilityForAnotherUserInSameDomainInPublisher" time="0.025" classname="org.wso2.am.integration.tests.api.lifecycle.APIVisibilityByPublicTestCase"/>
  <testcase name="testVisibilityForCreatorInStore" time="0.016" classname="org.wso2.am.integration.tests.api.lifecycle.APIVisibilityByPublicTestCase"/>
</testsuite>
