<?xml version="1.0" encoding="UTF-8"?>
<!-- Generated by org.testng.reporters.JUnitReportReporter -->
<testsuite hostname="ip-172-31-31-95.ec2.internal" name="org.wso2.am.integration.tests.other.APIMANAGER5843WSDLHostnameTestCase" tests="2" failures="0" timestamp="5 Nov 2018 08:23:55 GMT" time="3.951" errors="0">
  <testcase name="testAPICreationWithWSDL" time="2.569" classname="org.wso2.am.integration.tests.other.APIMANAGER5843WSDLHostnameTestCase"/>
  <testcase name="testAPICreationWithWSDL" time="1.382" classname="org.wso2.am.integration.tests.other.APIMANAGER5843WSDLHostnameTestCase"/>
</testsuite>
