<?xml version="1.0" encoding="UTF-8"?>
<!-- Generated by org.testng.reporters.JUnitReportReporter -->
<testsuite hostname="ip-172-31-31-95.ec2.internal" name="org.wso2.am.integration.tests.other.APIEndpointTypeUpdateTestCase" tests="8" failures="0" timestamp="5 Nov 2018 08:23:55 GMT" time="73.783" errors="0">
  <testcase name="testHTTPTransportBeforeUpdate" time="0.438" classname="org.wso2.am.integration.tests.other.APIEndpointTypeUpdateTestCase"/>
  <testcase name="testAPICreation" time="4.151" classname="org.wso2.am.integration.tests.other.APIEndpointTypeUpdateTestCase"/>
  <testcase name="testAPICreationTenant" time="3.314" classname="org.wso2.am.integration.tests.other.APIEndpointTypeUpdateTestCase"/>
  <testcase name="testUpdatedHTTPSTransportTenant" time="16.295" classname="org.wso2.am.integration.tests.other.APIEndpointTypeUpdateTestCase"/>
  <testcase name="testUpdatedHTTPTransportTenant" time="16.323" classname="org.wso2.am.integration.tests.other.APIEndpointTypeUpdateTestCase"/>
  <testcase name="testHTTPTransportBeforeUpdateInTenant" time="0.285" classname="org.wso2.am.integration.tests.other.APIEndpointTypeUpdateTestCase"/>
  <testcase name="testUpdatedHTTPSTransport" time="16.304" classname="org.wso2.am.integration.tests.other.APIEndpointTypeUpdateTestCase"/>
  <testcase name="testUpdatedHTTPTransport" time="16.673" classname="org.wso2.am.integration.tests.other.APIEndpointTypeUpdateTestCase"/>
</testsuite>
