<?xml version="1.0" encoding="UTF-8"?>
<!-- Generated by org.testng.reporters.JUnitReportReporter -->
<testsuite hostname="ip-172-31-31-95.ec2.internal" name="org.wso2.am.integration.tests.other.APIMANAGER4480AllSubscriptionsByApplicationTestCase" tests="3" failures="0" timestamp="5 Nov 2018 08:23:55 GMT" time="0.289" errors="0">
  <testcase name="testGetAllSubscriptionsOfApplicationWithSelectedApp" time="0.040" classname="org.wso2.am.integration.tests.other.APIMANAGER4480AllSubscriptionsByApplicationTestCase"/>
  <testcase name="testGetAllSubscriptions" time="0.122" classname="org.wso2.am.integration.tests.other.APIMANAGER4480AllSubscriptionsByApplicationTestCase"/>
  <testcase name="testGetAllSubscriptionsOfApplication" time="0.127" classname="org.wso2.am.integration.tests.other.APIMANAGER4480AllSubscriptionsByApplicationTestCase"/>
</testsuite>
