<?xml version="1.0" encoding="UTF-8"?>
<!-- Generated by org.testng.reporters.JUnitReportReporter -->
<testsuite hostname="ip-172-31-31-95.ec2.internal" name="org.wso2.am.integration.tests.rest.URLMappingRESTTestCase" tests="2" failures="0" timestamp="5 Nov 2018 08:23:55 GMT" time="0.031" errors="0">
  <testcase name="testRESTURITemplate" time="0.015" classname="org.wso2.am.integration.tests.rest.URLMappingRESTTestCase"/>
  <testcase name="testRESTURITemplate" time="0.016" classname="org.wso2.am.integration.tests.rest.URLMappingRESTTestCase"/>
</testsuite>
