<?xml version="1.0" encoding="UTF-8"?>
<!-- Generated by org.testng.reporters.JUnitReportReporter -->
<testsuite hostname="ip-172-31-31-95.ec2.internal" name="org.wso2.am.integration.tests.hostobject.HostObjectTestCase" tests="8" failures="0" timestamp="5 Nov 2018 08:23:55 GMT" time="33.696" errors="0">
  <testcase name="testApplicationOperations" time="0.000" classname="org.wso2.am.integration.tests.hostobject.HostObjectTestCase"/>
  <testcase name="testAPIProvider" time="0.000" classname="org.wso2.am.integration.tests.hostobject.HostObjectTestCase"/>
  <testcase name="testApplication" time="0.001" classname="org.wso2.am.integration.tests.hostobject.HostObjectTestCase"/>
  <testcase name="testAPIProvider" time="0.000" classname="org.wso2.am.integration.tests.hostobject.HostObjectTestCase"/>
  <testcase name="testApplication" time="0.000" classname="org.wso2.am.integration.tests.hostobject.HostObjectTestCase"/>
  <testcase name="testHostObjectTestCase" time="16.201" classname="org.wso2.am.integration.tests.hostobject.HostObjectTestCase"/>
  <testcase name="testApplicationOperations" time="0.000" classname="org.wso2.am.integration.tests.hostobject.HostObjectTestCase"/>
  <testcase name="testHostObjectTestCase" time="17.494" classname="org.wso2.am.integration.tests.hostobject.HostObjectTestCase"/>
</testsuite>
