<?xml version="1.0" encoding="UTF-8"?>
<!-- Generated by org.testng.reporters.JUnitReportReporter -->
<testsuite hostname="ip-172-31-31-95.ec2.internal" name="org.wso2.am.integration.tests.header.CORSAccessControlAllowCredentialsHeaderTestCase" tests="4" failures="0" timestamp="5 Nov 2018 08:23:55 GMT" time="287.812" errors="0">
  <testcase name="CheckAccessControlAllowCredentialsHeadersWithAnyOrigin" time="9.075" classname="org.wso2.am.integration.tests.header.CORSAccessControlAllowCredentialsHeaderTestCase"/>
  <testcase name="CheckAccessControlAllowCredentialsHeadersWithAnyOrigin" time="130.440" classname="org.wso2.am.integration.tests.header.CORSAccessControlAllowCredentialsHeaderTestCase"/>
  <testcase name="CheckAccessControlAllowCredentialsHeadersWithSpecificOrigin" time="8.090" classname="org.wso2.am.integration.tests.header.CORSAccessControlAllowCredentialsHeaderTestCase"/>
  <testcase name="CheckAccessControlAllowCredentialsHeadersWithSpecificOrigin" time="140.207" classname="org.wso2.am.integration.tests.header.CORSAccessControlAllowCredentialsHeaderTestCase"/>
</testsuite>
