<?xml version="1.0" encoding="UTF-8"?>
<!-- Generated by org.testng.reporters.JUnitReportReporter -->
<testsuite hostname="ip-172-31-31-95.ec2.internal" name="org.wso2.am.integration.tests.api.lifecycle.RegistryLifeCycleInclusionTest" tests="3" failures="0" timestamp="5 Nov 2018 08:23:55 GMT" time="42.049" errors="0">
  <testcase name="testChecklistItemsVisibility" time="1.836" classname="org.wso2.am.integration.tests.api.lifecycle.RegistryLifeCycleInclusionTest"/>
  <testcase name="testAPIInfoLifecycleTabForPublishedAPI" time="3.288" classname="org.wso2.am.integration.tests.api.lifecycle.RegistryLifeCycleInclusionTest"/>
  <testcase name="testLCStateChengeVisibility" time="36.925" classname="org.wso2.am.integration.tests.api.lifecycle.RegistryLifeCycleInclusionTest"/>
</testsuite>
