<?xml version="1.0" encoding="UTF-8"?>
<!-- Generated by org.testng.reporters.JUnitReportReporter -->
<testsuite hostname="ip-172-31-31-95.ec2.internal" name="org.wso2.am.integration.tests.api.lifecycle.AccessibilityOfDeprecatedOldAPIAndPublishedCopyAPITestCase" tests="7" failures="0" timestamp="5 Nov 2018 08:23:55 GMT" time="7.950" errors="0">
  <testcase name="testSubscribeOldVersionBeforeDeprecate" time="5.366" classname="org.wso2.am.integration.tests.api.lifecycle.AccessibilityOfDeprecatedOldAPIAndPublishedCopyAPITestCase"/>
  <testcase name="testAccessibilityOfDeprecateOldAPIAndPublishedCopyAPI" time="0.371" classname="org.wso2.am.integration.tests.api.lifecycle.AccessibilityOfDeprecatedOldAPIAndPublishedCopyAPITestCase"/>
  <testcase name="testVisibilityOfNewAPIInStore" time="0.038" classname="org.wso2.am.integration.tests.api.lifecycle.AccessibilityOfDeprecatedOldAPIAndPublishedCopyAPITestCase"/>
  <testcase name="testSubscribeNewVersion" time="0.047" classname="org.wso2.am.integration.tests.api.lifecycle.AccessibilityOfDeprecatedOldAPIAndPublishedCopyAPITestCase"/>
  <testcase name="testDeprecateOldVersion" time="1.846" classname="org.wso2.am.integration.tests.api.lifecycle.AccessibilityOfDeprecatedOldAPIAndPublishedCopyAPITestCase"/>
  <testcase name="testVisibilityOfOldAPIInStoreAfterDeprecate" time="0.230" classname="org.wso2.am.integration.tests.api.lifecycle.AccessibilityOfDeprecatedOldAPIAndPublishedCopyAPITestCase"/>
  <testcase name="testSubscribeOldVersionAfterDeprecate" time="0.052" classname="org.wso2.am.integration.tests.api.lifecycle.AccessibilityOfDeprecatedOldAPIAndPublishedCopyAPITestCase"/>
</testsuite>
