<?xml version="1.0" encoding="UTF-8"?>
<!-- Generated by org.testng.reporters.JUnitReportReporter -->
<testsuite hostname="ip-172-31-31-95.ec2.internal" name="org.wso2.am.integration.tests.throttling.ThrottlingTestCase" tests="2" failures="0" timestamp="5 Nov 2018 08:23:55 GMT" time="4.278" errors="0">
  <testcase name="throttlingTestCase" time="2.140" classname="org.wso2.am.integration.tests.throttling.ThrottlingTestCase"/>
  <testcase name="throttlingTestCase" time="2.138" classname="org.wso2.am.integration.tests.throttling.ThrottlingTestCase"/>
</testsuite>
