<?xml version="1.0" encoding="UTF-8"?>
<!-- Generated by org.testng.reporters.JUnitReportReporter -->
<testsuite hostname="ip-172-31-31-95.ec2.internal" name="org.wso2.am.integration.tests.token.TokenAPITestCase" tests="6" failures="0" timestamp="5 Nov 2018 08:23:55 GMT" time="60.530" errors="0">
  <testcase name="testTokenAPITestCase" time="9.593" classname="org.wso2.am.integration.tests.token.TokenAPITestCase"/>
  <testcase name="testTokenEqualityBeforeExpiration" time="0.836" classname="org.wso2.am.integration.tests.token.TokenAPITestCase"/>
  <testcase name="testJWTTokenAPITestCase" time="23.252" classname="org.wso2.am.integration.tests.token.TokenAPITestCase"/>
  <testcase name="testTokenEqualityBeforeExpiration" time="0.392" classname="org.wso2.am.integration.tests.token.TokenAPITestCase"/>
  <testcase name="testJWTTokenAPITestCase" time="14.797" classname="org.wso2.am.integration.tests.token.TokenAPITestCase"/>
  <testcase name="testTokenAPITestCase" time="11.660" classname="org.wso2.am.integration.tests.token.TokenAPITestCase"/>
</testsuite>
