<?xml version="1.0" encoding="UTF-8"?>
<!-- Generated by org.testng.reporters.JUnitReportReporter -->
<testsuite hostname="ip-172-31-31-95.ec2.internal" name="org.wso2.am.integration.tests.api.lifecycle.ChangeAPITagsTestCase" tests="2" failures="0" timestamp="5 Nov 2018 08:23:55 GMT" time="82.860" errors="0">
  <testcase name="testFilterByTagsBeforeTagChange" time="12.013" classname="org.wso2.am.integration.tests.api.lifecycle.ChangeAPITagsTestCase"/>
  <testcase name="testUpdateTagsAndFilterByTags" time="70.847" classname="org.wso2.am.integration.tests.api.lifecycle.ChangeAPITagsTestCase"/>
</testsuite>
