<?xml version="1.0" encoding="UTF-8"?>
<!-- Generated by org.testng.reporters.JUnitReportReporter -->
<testsuite hostname="ip-172-31-31-95.ec2.internal" name="org.wso2.am.integration.tests.publisher.APIM548CopyAnAPIToANewerVersionThroughThePublisherRestAPITestCase" tests="1" failures="0" timestamp="5 Nov 2018 08:23:55 GMT" time="2.479" errors="0">
  <testcase name="testCopyAnAPIToANewerVersionThroughThePublisherRest" time="2.479" classname="org.wso2.am.integration.tests.publisher.APIM548CopyAnAPIToANewerVersionThroughThePublisherRestAPITestCase"/>
</testsuite>
