<?xml version="1.0" encoding="UTF-8"?>
<!-- Generated by org.testng.reporters.JUnitReportReporter -->
<testsuite hostname="ip-172-31-31-95.ec2.internal" name="org.wso2.am.integration.tests.api.lifecycle.AccessibilityOfBlockAPITestCase" tests="3" failures="0" timestamp="5 Nov 2018 08:23:55 GMT" time="20.569" errors="0">
  <testcase name="testInvokeAPIBeforeChangeAPILifecycleToBlock" time="3.519" classname="org.wso2.am.integration.tests.api.lifecycle.AccessibilityOfBlockAPITestCase"/>
  <testcase name="testInvokeAPIAfterChangeAPILifecycleToBlock" time="15.022" classname="org.wso2.am.integration.tests.api.lifecycle.AccessibilityOfBlockAPITestCase"/>
  <testcase name="testChangeAPILifecycleToBlock" time="2.028" classname="org.wso2.am.integration.tests.api.lifecycle.AccessibilityOfBlockAPITestCase"/>
</testsuite>
