<?xml version="1.0" encoding="UTF-8"?>
<!-- Generated by org.testng.reporters.JUnitReportReporter -->
<testsuite hostname="ip-172-31-31-95.ec2.internal" name="org.wso2.am.integration.tests.publisher.APIM514CreateAnAPIWithoutProvidingMandatoryFieldsTestCase" tests="10" failures="0" timestamp="5 Nov 2018 08:23:55 GMT" time="0.068" errors="0">
  <testcase name="testCreateAnAPIThroughThePublisherRestWithoutName" time="0.005" classname="org.wso2.am.integration.tests.publisher.APIM514CreateAnAPIWithoutProvidingMandatoryFieldsTestCase"/>
  <testcase name="testCreateAnAPIThroughThePublisherRestWithoutAction" time="0.003" classname="org.wso2.am.integration.tests.publisher.APIM514CreateAnAPIWithoutProvidingMandatoryFieldsTestCase"/>
  <testcase name="testCreateAnAPIThroughThePublisherRestWithoutTierAvailability" time="0.005" classname="org.wso2.am.integration.tests.publisher.APIM514CreateAnAPIWithoutProvidingMandatoryFieldsTestCase"/>
  <testcase name="testCreateAnAPIThroughThePublisherRestWithoutContext" time="0.007" classname="org.wso2.am.integration.tests.publisher.APIM514CreateAnAPIWithoutProvidingMandatoryFieldsTestCase"/>
  <testcase name="testCreateAnAPIThroughThePublisherRestWithoutContext" time="0.010" classname="org.wso2.am.integration.tests.publisher.APIM514CreateAnAPIWithoutProvidingMandatoryFieldsTestCase"/>
  <testcase name="testCreateAnAPIThroughThePublisherRestWithoutAction" time="0.009" classname="org.wso2.am.integration.tests.publisher.APIM514CreateAnAPIWithoutProvidingMandatoryFieldsTestCase"/>
  <testcase name="testCreateAnAPIThroughThePublisherRestWithoutVersion" time="0.007" classname="org.wso2.am.integration.tests.publisher.APIM514CreateAnAPIWithoutProvidingMandatoryFieldsTestCase"/>
  <testcase name="testCreateAnAPIThroughThePublisherRestWithoutName" time="0.006" classname="org.wso2.am.integration.tests.publisher.APIM514CreateAnAPIWithoutProvidingMandatoryFieldsTestCase"/>
  <testcase name="testCreateAnAPIThroughThePublisherRestWithoutTierAvailability" time="0.006" classname="org.wso2.am.integration.tests.publisher.APIM514CreateAnAPIWithoutProvidingMandatoryFieldsTestCase"/>
  <testcase name="testCreateAnAPIThroughThePublisherRestWithoutVersion" time="0.010" classname="org.wso2.am.integration.tests.publisher.APIM514CreateAnAPIWithoutProvidingMandatoryFieldsTestCase"/>
</testsuite>
