<?xml version="1.0" encoding="UTF-8"?>
<!-- Generated by org.testng.reporters.JUnitReportReporter -->
<testsuite hostname="ip-172-31-31-95.ec2.internal" name="org.wso2.am.integration.tests.json.ESBJAVA3380TestCase" tests="2" failures="0" timestamp="5 Nov 2018 08:23:55 GMT" time="0.121" errors="0">
  <testcase name="jsonToXmlTestCase" time="0.031" classname="org.wso2.am.integration.tests.json.ESBJAVA3380TestCase"/>
  <testcase name="jsonToXmlTestCase" time="0.090" classname="org.wso2.am.integration.tests.json.ESBJAVA3380TestCase"/>
</testsuite>
