<?xml version="1.0" encoding="UTF-8"?>
<!-- Generated by org.testng.reporters.JUnitReportReporter -->
<testsuite hostname="ip-172-31-31-95.ec2.internal" name="org.wso2.am.integration.tests.publisher.APIMANAGER5834APICreationWithInvalidInputsTestCase" tests="2" failures="0" timestamp="5 Nov 2018 08:23:55 GMT" time="0.021" errors="0">
  <testcase name="testAPICreationWithInvalidContext" time="0.015" classname="org.wso2.am.integration.tests.publisher.APIMANAGER5834APICreationWithInvalidInputsTestCase"/>
  <testcase name="testAPICreationWithInvalidContext" time="0.006" classname="org.wso2.am.integration.tests.publisher.APIMANAGER5834APICreationWithInvalidInputsTestCase"/>
</testsuite>
