<?xml version="1.0" encoding="UTF-8"?>
<!-- Generated by org.testng.reporters.JUnitReportReporter -->
<testsuite hostname="ip-172-31-31-95.ec2.internal" name="org.wso2.am.integration.tests.other.APIM720GetAllEndPointsTestCase" tests="2" failures="0" timestamp="5 Nov 2018 08:23:55 GMT" time="0.085" errors="0">
  <testcase name="addCommentTest" time="0.033" classname="org.wso2.am.integration.tests.other.APIM720GetAllEndPointsTestCase"/>
  <testcase name="getAllEndpointUrlsTest" time="0.052" classname="org.wso2.am.integration.tests.other.APIM720GetAllEndPointsTestCase"/>
</testsuite>
