<?xml version="1.0" encoding="UTF-8"?>
<!-- Generated by org.testng.reporters.JUnitReportReporter -->
<testsuite hostname="ip-172-31-31-95.ec2.internal" name="org.wso2.am.integration.tests.token.InvalidTokenTestCase" tests="2" failures="0" timestamp="5 Nov 2018 08:23:55 GMT" time="5.268" errors="0">
  <testcase name="testAPIAccessWithInvalidToken" time="2.821" classname="org.wso2.am.integration.tests.token.InvalidTokenTestCase"/>
  <testcase name="testAPIAccessWithInvalidToken" time="2.447" classname="org.wso2.am.integration.tests.token.InvalidTokenTestCase"/>
</testsuite>
