<?xml version="1.0" encoding="UTF-8"?>
<!-- Generated by org.testng.reporters.JUnitReportReporter -->
<testsuite hostname="ip-172-31-31-95.ec2.internal" name="org.wso2.am.integration.tests.publisher.APIResourceWithTemplateTestCase" tests="6" failures="0" timestamp="5 Nov 2018 08:23:55 GMT" time="49.499" errors="0">
  <testcase name="testAPIwithResourceTemplateForDefaultAPI" time="2.708" classname="org.wso2.am.integration.tests.publisher.APIResourceWithTemplateTestCase"/>
  <testcase name="testUriEncodingInTemplate" time="19.262" classname="org.wso2.am.integration.tests.publisher.APIResourceWithTemplateTestCase"/>
  <testcase name="testAPIwithResourceTemplateForDefaultAPI" time="3.172" classname="org.wso2.am.integration.tests.publisher.APIResourceWithTemplateTestCase"/>
  <testcase name="testAPIwithResourceTemplateForAPI" time="2.560" classname="org.wso2.am.integration.tests.publisher.APIResourceWithTemplateTestCase"/>
  <testcase name="testAPIwithResourceTemplateForAPI" time="2.675" classname="org.wso2.am.integration.tests.publisher.APIResourceWithTemplateTestCase"/>
  <testcase name="testUriEncodingInTemplate" time="19.122" classname="org.wso2.am.integration.tests.publisher.APIResourceWithTemplateTestCase"/>
</testsuite>
