<?xml version="1.0" encoding="UTF-8"?>
<!-- Generated by org.testng.reporters.JUnitReportReporter -->
<testsuite hostname="ip-172-31-31-95.ec2.internal" name="org.wso2.am.integration.tests.other.InvalidAuthTokenLargePayloadTestCase" tests="4" failures="0" timestamp="5 Nov 2018 08:23:55 GMT" time="5.541" errors="0">
  <testcase name="testApiInvocation" time="0.257" classname="org.wso2.am.integration.tests.other.InvalidAuthTokenLargePayloadTestCase"/>
  <testcase name="testApiCreation" time="2.406" classname="org.wso2.am.integration.tests.other.InvalidAuthTokenLargePayloadTestCase"/>
  <testcase name="testApiInvocation" time="0.349" classname="org.wso2.am.integration.tests.other.InvalidAuthTokenLargePayloadTestCase"/>
  <testcase name="testApiCreation" time="2.529" classname="org.wso2.am.integration.tests.other.InvalidAuthTokenLargePayloadTestCase"/>
</testsuite>
