<?xml version="1.0" encoding="UTF-8"?>
<!-- Generated by org.testng.reporters.JUnitReportReporter -->
<testsuite hostname="ip-172-31-31-95.ec2.internal" name="org.wso2.am.integration.tests.publisher.APIM570CheckIfAnOlderVersionOfTheAPIExistsThroughThePublisherRestAPITestCase" tests="3" failures="0" timestamp="5 Nov 2018 08:23:55 GMT" time="3.624" errors="0">
  <testcase name="testCreateAnApiUsingValidDataAndGetThroughThePublisherRest" time="0.721" classname="org.wso2.am.integration.tests.publisher.APIM570CheckIfAnOlderVersionOfTheAPIExistsThroughThePublisherRestAPITestCase"/>
  <testcase name="testCheckIfAnOlderVersionOfTheAPIExistsThroughThePublisherRestAPI" time="1.449" classname="org.wso2.am.integration.tests.publisher.APIM570CheckIfAnOlderVersionOfTheAPIExistsThroughThePublisherRestAPITestCase"/>
  <testcase name="testCheckIfAnOlderVersionOfTheAPIExistsThroughThePublisherRestAPI" time="1.454" classname="org.wso2.am.integration.tests.publisher.APIM570CheckIfAnOlderVersionOfTheAPIExistsThroughThePublisherRestAPITestCase"/>
</testsuite>
