<?xml version="1.0" encoding="UTF-8"?>
<!-- Generated by org.testng.reporters.JUnitReportReporter -->
<testsuite hostname="ip-172-31-31-95.ec2.internal" name="org.wso2.am.integration.tests.application.CAPIMGT12CallBackURLOverwriteTestCase" tests="1" failures="0" timestamp="5 Nov 2018 08:23:55 GMT" time="0.826" errors="0">
  <testcase name="callBackUrlUpdateTestCase" time="0.826" classname="org.wso2.am.integration.tests.application.CAPIMGT12CallBackURLOverwriteTestCase"/>
</testsuite>
