<?xml version="1.0" encoding="UTF-8"?>
<!-- Generated by org.testng.reporters.JUnitReportReporter -->
<testsuite hostname="ip-172-31-31-95.ec2.internal" name="org.wso2.am.integration.tests.api.lifecycle.APIAccessibilityOfPublishedOldAPIAndPublishedCopyAPITestCase" tests="6" failures="0" timestamp="5 Nov 2018 08:23:55 GMT" time="5.745" errors="0">
  <testcase name="testSubscribeNewVersion" time="0.037" classname="org.wso2.am.integration.tests.api.lifecycle.APIAccessibilityOfPublishedOldAPIAndPublishedCopyAPITestCase"/>
  <testcase name="testPublishCopiedAPI" time="1.927" classname="org.wso2.am.integration.tests.api.lifecycle.APIAccessibilityOfPublishedOldAPIAndPublishedCopyAPITestCase"/>
  <testcase name="testAvailabilityOfOldAndNewAPIVersionsInStore" time="0.181" classname="org.wso2.am.integration.tests.api.lifecycle.APIAccessibilityOfPublishedOldAPIAndPublishedCopyAPITestCase"/>
  <testcase name="testCopyAPI" time="3.177" classname="org.wso2.am.integration.tests.api.lifecycle.APIAccessibilityOfPublishedOldAPIAndPublishedCopyAPITestCase"/>
  <testcase name="testAccessibilityOfPublishedOldAPIAndPublishedCopyAPI" time="0.385" classname="org.wso2.am.integration.tests.api.lifecycle.APIAccessibilityOfPublishedOldAPIAndPublishedCopyAPITestCase"/>
  <testcase name="testSubscribeOldVersion" time="0.038" classname="org.wso2.am.integration.tests.api.lifecycle.APIAccessibilityOfPublishedOldAPIAndPublishedCopyAPITestCase"/>
</testsuite>
