<?xml version="1.0" encoding="UTF-8"?>
<!-- Generated by org.testng.reporters.JUnitReportReporter -->
<testsuite hostname="ip-172-31-31-95.ec2.internal" name="org.wso2.am.integration.tests.websocket.WebSocketAPITestCase" tests="10" failures="0" timestamp="5 Nov 2018 08:23:55 GMT" time="193.129" errors="0">
  <testcase name="testWebSocketAPIInvocation" time="3.849" classname="org.wso2.am.integration.tests.websocket.WebSocketAPITestCase"/>
  <testcase name="testWebSocketAPIThrottling" time="12.068" classname="org.wso2.am.integration.tests.websocket.WebSocketAPITestCase"/>
  <testcase name="testWebSocketAPIInvalidTokenInvocation" time="30.022" classname="org.wso2.am.integration.tests.websocket.WebSocketAPITestCase"/>
  <testcase name="testWebSocketAPIApplicationSubscription" time="0.123" classname="org.wso2.am.integration.tests.websocket.WebSocketAPITestCase"/>
  <testcase name="publishWebSocketAPI" time="50.566" classname="org.wso2.am.integration.tests.websocket.WebSocketAPITestCase"/>
  <testcase name="testWebSocketAPIThrottling" time="12.880" classname="org.wso2.am.integration.tests.websocket.WebSocketAPITestCase"/>
  <testcase name="testWebSocketAPIInvalidTokenInvocation" time="30.014" classname="org.wso2.am.integration.tests.websocket.WebSocketAPITestCase"/>
  <testcase name="testWebSocketAPIApplicationSubscription" time="0.976" classname="org.wso2.am.integration.tests.websocket.WebSocketAPITestCase"/>
  <testcase name="publishWebSocketAPI" time="50.934" classname="org.wso2.am.integration.tests.websocket.WebSocketAPITestCase"/>
  <testcase name="testWebSocketAPIInvocation" time="1.697" classname="org.wso2.am.integration.tests.websocket.WebSocketAPITestCase"/>
</testsuite>
