<?xml version="1.0" encoding="UTF-8"?>
<!-- Generated by org.testng.reporters.JUnitReportReporter -->
<testsuite hostname="ip-172-31-31-95.ec2.internal" name="org.wso2.am.integration.tests.rest.UriTemplateReservedCharacterEncodingTest" tests="9" failures="0" timestamp="5 Nov 2018 08:23:55 GMT" time="1.025" errors="0">
  <testcase name="testURITemplateParameterDecodingWithPercentEncodingEscapedAtExpansion" time="0.051" classname="org.wso2.am.integration.tests.rest.UriTemplateReservedCharacterEncodingTest"/>
  <testcase name="testURITemplateSpecialCaseVariableWithFullURL" time="0.081" classname="org.wso2.am.integration.tests.rest.UriTemplateReservedCharacterEncodingTest"/>
  <testcase name="testURITemplateParameterDecodingPlusCharacterCase" time="0.102" classname="org.wso2.am.integration.tests.rest.UriTemplateReservedCharacterEncodingTest"/>
  <testcase name="testURITemplateParameterDecodingSpaceCharacterCase" time="0.079" classname="org.wso2.am.integration.tests.rest.UriTemplateReservedCharacterEncodingTest"/>
  <testcase name="testURITemplateExpandWithPercentEncoding" time="0.066" classname="org.wso2.am.integration.tests.rest.UriTemplateReservedCharacterEncodingTest"/>
  <testcase name="testURITemplateParameterDecodingTrailingPercentageCase" time="0.063" classname="org.wso2.am.integration.tests.rest.UriTemplateReservedCharacterEncodingTest"/>
  <testcase name="testURITemplateExpandWithEscapedPercentEncoding" time="0.418" classname="org.wso2.am.integration.tests.rest.UriTemplateReservedCharacterEncodingTest"/>
  <testcase name="testURITemplateExpandWithEscapedPercentEncodingPathParam" time="0.100" classname="org.wso2.am.integration.tests.rest.UriTemplateReservedCharacterEncodingTest"/>
  <testcase name="testURITemplateExpandWithPercentEncodingPathParamCase" time="0.065" classname="org.wso2.am.integration.tests.rest.UriTemplateReservedCharacterEncodingTest"/>
</testsuite>
