<?xml version="1.0" encoding="UTF-8"?>
<!-- Generated by org.testng.reporters.JUnitReportReporter -->
<testsuite hostname="ip-172-31-31-95.ec2.internal" name="org.wso2.am.integration.tests.other.APIM4312NPEAfterRequestTimeoutTestCase" tests="2" failures="0" timestamp="5 Nov 2018 08:23:55 GMT" time="160.180" errors="0">
  <testcase name="nullPointerAfterTimeoutTest" time="80.082" classname="org.wso2.am.integration.tests.other.APIM4312NPEAfterRequestTimeoutTestCase"/>
  <testcase name="nullPointerAfterTimeoutTest" time="80.098" classname="org.wso2.am.integration.tests.other.APIM4312NPEAfterRequestTimeoutTestCase"/>
</testsuite>
