<?xml version="1.0" encoding="UTF-8"?>
<!-- Generated by org.testng.reporters.JUnitReportReporter -->
<testsuite hostname="ip-172-31-31-95.ec2.internal" name="org.wso2.am.integration.tests.other.PublisherAccessControlTestCase" tests="5" failures="0" timestamp="5 Nov 2018 08:23:55 GMT" time="32.475" errors="0">
  <testcase name="testGetPublicAPIFromStoreWithRestrictedPublisherAccess" time="3.136" classname="org.wso2.am.integration.tests.other.PublisherAccessControlTestCase"/>
  <testcase name="testPublisherAndStoreRestricted" time="24.073" classname="org.wso2.am.integration.tests.other.PublisherAccessControlTestCase"/>
  <testcase name="testAPIAdditionWithAccessControlRestriction" time="1.047" classname="org.wso2.am.integration.tests.other.PublisherAccessControlTestCase"/>
  <testcase name="testCheckPublisherRoleCanViewRestrictedVisibilityAPIs" time="2.595" classname="org.wso2.am.integration.tests.other.PublisherAccessControlTestCase"/>
  <testcase name="testAPIAdditionWithoutAccessControlRestriction" time="1.624" classname="org.wso2.am.integration.tests.other.PublisherAccessControlTestCase"/>
</testsuite>
