<?xml version="1.0" encoding="UTF-8"?>
<!-- Generated by org.testng.reporters.JUnitReportReporter -->
<testsuite hostname="ip-172-31-31-95.ec2.internal" name="org.wso2.am.integration.tests.publisher.APIM611AddDocumentationToAnAPIWithDocTypeHowToThroughPublisherRestAPITestCase" tests="2" failures="0" timestamp="5 Nov 2018 08:23:55 GMT" time="0.935" errors="0">
  <testcase name="testAddDocumentToAnAPIHowToUrl" time="0.100" classname="org.wso2.am.integration.tests.publisher.APIM611AddDocumentationToAnAPIWithDocTypeHowToThroughPublisherRestAPITestCase"/>
  <testcase name="testAddDocumentToAnAPIHowToInline" time="0.835" classname="org.wso2.am.integration.tests.publisher.APIM611AddDocumentationToAnAPIWithDocTypeHowToThroughPublisherRestAPITestCase"/>
</testsuite>
