<?xml version="1.0" encoding="UTF-8"?>
<!-- Generated by org.testng.reporters.JUnitReportReporter -->
<testsuite hostname="ip-172-31-31-95.ec2.internal" name="org.wso2.am.integration.tests.api.lifecycle.EditTiersXMLAndVerifyInPublisherTestCase" tests="4" failures="0" timestamp="5 Nov 2018 08:23:55 GMT" time="7.212" errors="0">
  <testcase name="testAvailabilityOfTiersInPermissionPageAfterChangeTiersXML" time="1.056" classname="org.wso2.am.integration.tests.api.lifecycle.EditTiersXMLAndVerifyInPublisherTestCase"/>
  <testcase name="testAvailabilityOfTiersInAPIManagePageAfterChangeTiersXML" time="0.679" classname="org.wso2.am.integration.tests.api.lifecycle.EditTiersXMLAndVerifyInPublisherTestCase"/>
  <testcase name="testAvailabilityOfTiersInPermissionPageBeforeChangeTiersXML" time="4.458" classname="org.wso2.am.integration.tests.api.lifecycle.EditTiersXMLAndVerifyInPublisherTestCase"/>
  <testcase name="testAvailabilityOfTiersInAPIManagePageBeforeChangeTiersXML" time="1.019" classname="org.wso2.am.integration.tests.api.lifecycle.EditTiersXMLAndVerifyInPublisherTestCase"/>
</testsuite>
