<?xml version="1.0" encoding="UTF-8"?>
<!-- Generated by org.testng.reporters.JUnitReportReporter -->
<testsuite hostname="ip-172-31-31-95.ec2.internal" name="org.wso2.am.integration.tests.api.lifecycle.AccessibilityOfRetireAPITestCase" tests="5" failures="0" timestamp="5 Nov 2018 08:23:55 GMT" time="7.315" errors="0">
  <testcase name="testChangeAPILifecycleToRetired" time="1.964" classname="org.wso2.am.integration.tests.api.lifecycle.AccessibilityOfRetireAPITestCase"/>
  <testcase name="testChangeAPILifecycleToDepricated" time="2.091" classname="org.wso2.am.integration.tests.api.lifecycle.AccessibilityOfRetireAPITestCase"/>
  <testcase name="testAvailabilityOfRetiredAPIInStore" time="0.086" classname="org.wso2.am.integration.tests.api.lifecycle.AccessibilityOfRetireAPITestCase"/>
  <testcase name="testInvokeAPIAfterChangeAPILifecycleToRetired" time="0.098" classname="org.wso2.am.integration.tests.api.lifecycle.AccessibilityOfRetireAPITestCase"/>
  <testcase name="testInvokeAPIBeforeChangeAPILifecycleToRetired" time="3.076" classname="org.wso2.am.integration.tests.api.lifecycle.AccessibilityOfRetireAPITestCase"/>
</testsuite>
