<?xml version="1.0" encoding="UTF-8"?>
<!-- Generated by org.testng.reporters.JUnitReportReporter -->
<testsuite hostname="ip-172-31-31-95.ec2.internal" name="org.wso2.am.integration.tests.api.sdk.SDKGenerationTestCase" tests="2" failures="0" timestamp="5 Nov 2018 08:23:55 GMT" time="15.473" errors="0">
  <testcase name="testSDKGeneration" time="12.969" classname="org.wso2.am.integration.tests.api.sdk.SDKGenerationTestCase"/>
  <testcase name="testSDKGenerationForPrivateAPIs" time="2.504" classname="org.wso2.am.integration.tests.api.sdk.SDKGenerationTestCase"/>
</testsuite>
