<?xml version="1.0" encoding="UTF-8"?>
<!-- Generated by org.testng.reporters.JUnitReportReporter -->
<testsuite hostname="ip-172-31-31-95.ec2.internal" name="org.wso2.am.integration.tests.websocket.APIMANAGER5869WSGayewatURLTestCase" tests="8" failures="0" timestamp="5 Nov 2018 08:23:55 GMT" time="243.926" errors="0">
  <testcase name="testAPICreation" time="2.954" classname="org.wso2.am.integration.tests.websocket.APIMANAGER5869WSGayewatURLTestCase"/>
  <testcase name="publishWebSocketAPI" time="48.509" classname="org.wso2.am.integration.tests.websocket.APIMANAGER5869WSGayewatURLTestCase"/>
  <testcase name="testApiGatewayUrlsTest" time="0.545" classname="org.wso2.am.integration.tests.websocket.APIMANAGER5869WSGayewatURLTestCase"/>
  <testcase name="testApiGatewayUrlsAfterConfigChangeTest" time="137.563" classname="org.wso2.am.integration.tests.websocket.APIMANAGER5869WSGayewatURLTestCase"/>
  <testcase name="publishWebSocketAPI" time="48.186" classname="org.wso2.am.integration.tests.websocket.APIMANAGER5869WSGayewatURLTestCase"/>
  <testcase name="testApiGatewayUrlsTest" time="0.651" classname="org.wso2.am.integration.tests.websocket.APIMANAGER5869WSGayewatURLTestCase"/>
  <testcase name="testAPICreation" time="2.902" classname="org.wso2.am.integration.tests.websocket.APIMANAGER5869WSGayewatURLTestCase"/>
  <testcase name="testApiGatewayUrlsAfterConfigChangeTest" time="2.616" classname="org.wso2.am.integration.tests.websocket.APIMANAGER5869WSGayewatURLTestCase"/>
</testsuite>
