<?xml version="1.0" encoding="UTF-8"?>
<!-- Generated by org.testng.reporters.JUnitReportReporter -->
<testsuite hostname="ip-172-31-31-95.ec2.internal" name="org.wso2.am.integration.tests.api.lifecycle.NewVersionUpdateTestCase" tests="4" failures="0" timestamp="5 Nov 2018 08:23:55 GMT" time="41.671" errors="0">
  <testcase name="testAPINewVersionCreation" time="4.820" classname="org.wso2.am.integration.tests.api.lifecycle.NewVersionUpdateTestCase"/>
  <testcase name="testNewVersionAPIUpdate" time="15.739" classname="org.wso2.am.integration.tests.api.lifecycle.NewVersionUpdateTestCase"/>
  <testcase name="testNewVersionAPIUpdate" time="15.553" classname="org.wso2.am.integration.tests.api.lifecycle.NewVersionUpdateTestCase"/>
  <testcase name="testAPINewVersionCreation" time="5.559" classname="org.wso2.am.integration.tests.api.lifecycle.NewVersionUpdateTestCase"/>
</testsuite>
