<?xml version="1.0" encoding="UTF-8"?>
<!-- Generated by org.testng.reporters.JUnitReportReporter -->
<testsuite hostname="ip-172-31-31-95.ec2.internal" name="org.wso2.am.integration.tests.api.lifecycle.APIPublishingAndVisibilityInStoreTestCase" tests="4" failures="0" timestamp="5 Nov 2018 08:23:55 GMT" time="2.397" errors="0">
  <testcase name="testVisibilityOfAPIInStoreAfterPublishing" time="0.093" classname="org.wso2.am.integration.tests.api.lifecycle.APIPublishingAndVisibilityInStoreTestCase"/>
  <testcase name="testVisibilityOfAPIInStoreBeforePublishing" time="0.014" classname="org.wso2.am.integration.tests.api.lifecycle.APIPublishingAndVisibilityInStoreTestCase"/>
  <testcase name="testAvailabilityOfAPIInPublisher" time="0.632" classname="org.wso2.am.integration.tests.api.lifecycle.APIPublishingAndVisibilityInStoreTestCase"/>
  <testcase name="testAPIPublishing" time="1.658" classname="org.wso2.am.integration.tests.api.lifecycle.APIPublishingAndVisibilityInStoreTestCase"/>
</testsuite>
