<?xml version="1.0" encoding="UTF-8"?>
<!-- Generated by org.testng.reporters.JUnitReportReporter -->
<testsuite hostname="ip-172-31-31-95.ec2.internal" name="org.wso2.am.integration.tests.other.SameVersionAPITestCase" tests="2" failures="0" timestamp="5 Nov 2018 08:23:55 GMT" time="1.659" errors="0">
  <testcase name="copySameVersion" time="0.581" classname="org.wso2.am.integration.tests.other.SameVersionAPITestCase"/>
  <testcase name="copySameVersion" time="1.078" classname="org.wso2.am.integration.tests.other.SameVersionAPITestCase"/>
</testsuite>
