<?xml version="1.0" encoding="UTF-8"?>
<!-- Generated by org.testng.reporters.JUnitReportReporter -->
<testsuite hostname="ip-172-31-31-95.ec2.internal" name="org.wso2.am.integration.tests.other.APIStateChangeWorkflowTestCase" tests="3" failures="0" timestamp="5 Nov 2018 08:23:55 GMT" time="14.204" errors="0">
  <testcase name="testAPIStateChangeAndApproveWorkflow" time="12.595" classname="org.wso2.am.integration.tests.other.APIStateChangeWorkflowTestCase"/>
  <testcase name="testWorkflowCallbackRestAPI" time="0.304" classname="org.wso2.am.integration.tests.other.APIStateChangeWorkflowTestCase"/>
  <testcase name="testAPIStateChangeAndRejectWorkflow" time="1.305" classname="org.wso2.am.integration.tests.other.APIStateChangeWorkflowTestCase"/>
</testsuite>
