<?xml version="1.0" encoding="UTF-8"?>
<!-- Generated by org.testng.reporters.JUnitReportReporter -->
<testsuite hostname="ip-172-31-31-95.ec2.internal" name="org.wso2.am.integration.tests.publisher.APIM614AddDocumentationToAnAPIWithDocTypeSampleAndSDKThroughPublisherRestAPITestCase" tests="12" failures="0" timestamp="5 Nov 2018 08:23:55 GMT" time="4.429" errors="0">
  <testcase name="testAddDocumentToAnAPIOtherFile" time="0.274" classname="org.wso2.am.integration.tests.publisher.APIM614AddDocumentationToAnAPIWithDocTypeSampleAndSDKThroughPublisherRestAPITestCase"/>
  <testcase name="testAddDocumentToAnAPISDKToFile" time="0.216" classname="org.wso2.am.integration.tests.publisher.APIM614AddDocumentationToAnAPIWithDocTypeSampleAndSDKThroughPublisherRestAPITestCase"/>
  <testcase name="testApiCreation" time="0.609" classname="org.wso2.am.integration.tests.publisher.APIM614AddDocumentationToAnAPIWithDocTypeSampleAndSDKThroughPublisherRestAPITestCase"/>
  <testcase name="testAddDocumentToAnAPISupportToFile" time="0.245" classname="org.wso2.am.integration.tests.publisher.APIM614AddDocumentationToAnAPIWithDocTypeSampleAndSDKThroughPublisherRestAPITestCase"/>
  <testcase name="testAddDocumentToAnAPISDKToFile" time="0.241" classname="org.wso2.am.integration.tests.publisher.APIM614AddDocumentationToAnAPIWithDocTypeSampleAndSDKThroughPublisherRestAPITestCase"/>
  <testcase name="testAddDocumentToAnAPIHowToFile" time="0.263" classname="org.wso2.am.integration.tests.publisher.APIM614AddDocumentationToAnAPIWithDocTypeSampleAndSDKThroughPublisherRestAPITestCase"/>
  <testcase name="testAddDocumentToAnAPISupportToFile" time="0.431" classname="org.wso2.am.integration.tests.publisher.APIM614AddDocumentationToAnAPIWithDocTypeSampleAndSDKThroughPublisherRestAPITestCase"/>
  <testcase name="testApiCreation" time="1.235" classname="org.wso2.am.integration.tests.publisher.APIM614AddDocumentationToAnAPIWithDocTypeSampleAndSDKThroughPublisherRestAPITestCase"/>
  <testcase name="testAddDocumentToAnAPIHowToFile" time="0.262" classname="org.wso2.am.integration.tests.publisher.APIM614AddDocumentationToAnAPIWithDocTypeSampleAndSDKThroughPublisherRestAPITestCase"/>
  <testcase name="testAddDocumentToAnAPIPublicToFile" time="0.215" classname="org.wso2.am.integration.tests.publisher.APIM614AddDocumentationToAnAPIWithDocTypeSampleAndSDKThroughPublisherRestAPITestCase"/>
  <testcase name="testAddDocumentToAnAPIPublicToFile" time="0.222" classname="org.wso2.am.integration.tests.publisher.APIM614AddDocumentationToAnAPIWithDocTypeSampleAndSDKThroughPublisherRestAPITestCase"/>
  <testcase name="testAddDocumentToAnAPIOtherFile" time="0.216" classname="org.wso2.am.integration.tests.publisher.APIM614AddDocumentationToAnAPIWithDocTypeSampleAndSDKThroughPublisherRestAPITestCase"/>
</testsuite>
