<?xml version="1.0" encoding="UTF-8"?>
<!-- Generated by org.testng.reporters.JUnitReportReporter -->
<testsuite hostname="ip-172-31-31-95.ec2.internal" name="org.wso2.am.integration.tests.other.APIM710AllSubscriptionsByApplicationTestCase" tests="3" failures="0" timestamp="5 Nov 2018 08:23:55 GMT" time="11.178" errors="0">
  <testcase name="testRemoveSubscriptionByAppId" time="2.044" classname="org.wso2.am.integration.tests.other.APIM710AllSubscriptionsByApplicationTestCase"/>
  <testcase name="testAllSubscriptionsByAppName" time="0.024" classname="org.wso2.am.integration.tests.other.APIM710AllSubscriptionsByApplicationTestCase"/>
  <testcase name="testRemoveSubscriptionByAppName" time="9.110" classname="org.wso2.am.integration.tests.other.APIM710AllSubscriptionsByApplicationTestCase"/>
</testsuite>
