<?xml version="1.0" encoding="UTF-8"?>
<!-- Generated by org.testng.reporters.JUnitReportReporter -->
<testsuite hostname="ip-172-31-31-95.ec2.internal" name="org.wso2.am.integration.tests.header.CORSHeadersTestCase" tests="4" failures="0" timestamp="5 Nov 2018 08:23:55 GMT" time="0.275" errors="0">
  <testcase name="CheckCORSHeadersInPreFlightResponse" time="0.024" classname="org.wso2.am.integration.tests.header.CORSHeadersTestCase"/>
  <testcase name="CheckCORSHeadersInPreFlightResponse" time="0.022" classname="org.wso2.am.integration.tests.header.CORSHeadersTestCase"/>
  <testcase name="CheckCORSHeadersInResponse" time="0.133" classname="org.wso2.am.integration.tests.header.CORSHeadersTestCase"/>
  <testcase name="CheckCORSHeadersInResponse" time="0.096" classname="org.wso2.am.integration.tests.header.CORSHeadersTestCase"/>
</testsuite>
