<?xml version="1.0" encoding="UTF-8"?>
<!-- Generated by org.testng.reporters.JUnitReportReporter -->
<testsuite hostname="ip-172-31-31-95.ec2.internal" name="org.wso2.am.integration.tests.restapi.GIT_1638_UrlEncodedApiNameTestCase" tests="4" failures="0" timestamp="5 Nov 2018 08:23:55 GMT" time="3.905" errors="0">
  <testcase name="testChangeLifeCycleToPublish" time="1.891" classname="org.wso2.am.integration.tests.restapi.GIT_1638_UrlEncodedApiNameTestCase"/>
  <testcase name="testGetApiDetailFromPublisher" time="0.443" classname="org.wso2.am.integration.tests.restapi.GIT_1638_UrlEncodedApiNameTestCase"/>
  <testcase name="testGetApiDetailFromPublisher" time="0.397" classname="org.wso2.am.integration.tests.restapi.GIT_1638_UrlEncodedApiNameTestCase"/>
  <testcase name="testChangeLifeCycleToPublish" time="1.174" classname="org.wso2.am.integration.tests.restapi.GIT_1638_UrlEncodedApiNameTestCase"/>
</testsuite>
