<?xml version="1.0" encoding="UTF-8"?>
<!-- Generated by org.testng.reporters.JUnitReportReporter -->
<testsuite hostname="ip-172-31-31-95.ec2.internal" name="org.wso2.am.integration.tests.api.lifecycle.EditAPIAndCheckUpdatedInformationTestCase" tests="2" failures="0" timestamp="5 Nov 2018 08:23:55 GMT" time="18.900" errors="0">
  <testcase name="testEditAPIInformation" time="18.864" classname="org.wso2.am.integration.tests.api.lifecycle.EditAPIAndCheckUpdatedInformationTestCase"/>
  <testcase name="testUpdatedAPIInformationFromAPIPublisher" time="0.036" classname="org.wso2.am.integration.tests.api.lifecycle.EditAPIAndCheckUpdatedInformationTestCase"/>
</testsuite>
