<?xml version="1.0" encoding="UTF-8"?>
<!-- Generated by org.testng.reporters.JUnitReportReporter -->
<testsuite hostname="ip-172-31-31-95.ec2.internal" name="org.wso2.am.integration.tests.api.lifecycle.APIMANAGER5337SubscriptionRetainTestCase" tests="1" failures="0" timestamp="5 Nov 2018 08:23:55 GMT" time="6.141" errors="0">
  <testcase name="testAPIErrorResponse" time="6.141" classname="org.wso2.am.integration.tests.api.lifecycle.APIMANAGER5337SubscriptionRetainTestCase"/>
</testsuite>
