<?xml version="1.0" encoding="UTF-8"?>
<!-- Generated by org.testng.reporters.JUnitReportReporter -->
<testsuite hostname="ip-172-31-31-95.ec2.internal" name="org.wso2.am.integration.tests.api.lifecycle.APIVisibilityWithDirectURLTestCase" tests="7" failures="0" timestamp="5 Nov 2018 08:23:55 GMT" time="8.394" errors="0">
  <testcase name="testDirectLink" time="0.552" classname="org.wso2.am.integration.tests.api.lifecycle.APIVisibilityWithDirectURLTestCase"/>
  <testcase name="testDirectLinkInTenantWithoutRestrictedRoleUser" time="0.204" classname="org.wso2.am.integration.tests.api.lifecycle.APIVisibilityWithDirectURLTestCase"/>
  <testcase name="testDirectLinkInTenantAnonymous" time="0.128" classname="org.wso2.am.integration.tests.api.lifecycle.APIVisibilityWithDirectURLTestCase"/>
  <testcase name="testAPICreationInTenant" time="3.466" classname="org.wso2.am.integration.tests.api.lifecycle.APIVisibilityWithDirectURLTestCase"/>
  <testcase name="testDirectLinkAnonymous" time="3.368" classname="org.wso2.am.integration.tests.api.lifecycle.APIVisibilityWithDirectURLTestCase"/>
  <testcase name="testDirectLinkInTenant" time="0.315" classname="org.wso2.am.integration.tests.api.lifecycle.APIVisibilityWithDirectURLTestCase"/>
  <testcase name="testDirectLinkWithoutRestrictedRoleUser" time="0.361" classname="org.wso2.am.integration.tests.api.lifecycle.APIVisibilityWithDirectURLTestCase"/>
</testsuite>
