<?xml version="1.0" encoding="UTF-8"?>
<!-- Generated by org.testng.reporters.JUnitReportReporter -->
<testsuite hostname="ip-172-31-31-95.ec2.internal" name="org.wso2.am.integration.tests.throttling.APIThrottlingTestCase" tests="1" failures="0" timestamp="5 Nov 2018 08:23:55 GMT" time="48.624" errors="0">
  <testcase name="testAPIThrottling_1" time="48.624" classname="org.wso2.am.integration.tests.throttling.APIThrottlingTestCase"/>
</testsuite>
