<?xml version="1.0" encoding="UTF-8"?>
<!-- Generated by org.testng.reporters.JUnitReportReporter -->
<testsuite hostname="ip-172-31-31-95.ec2.internal" name="org.wso2.am.integration.tests.api.lifecycle.ChangeEndPointSecurityOfAPITestCase" tests="2" failures="0" timestamp="5 Nov 2018 08:23:55 GMT" time="487.869" errors="0">
  <testcase name="testInvokeGETResourceWithSecuredEndPointPasswordOnlyNumbersAndLetters" time="2.844" classname="org.wso2.am.integration.tests.api.lifecycle.ChangeEndPointSecurityOfAPITestCase"/>
  <testcase name="testInvokeGETResourceWithSecuredEndPointComplexPassword" time="485.025" classname="org.wso2.am.integration.tests.api.lifecycle.ChangeEndPointSecurityOfAPITestCase"/>
</testsuite>
