<?xml version="1.0" encoding="UTF-8"?>
<!-- Generated by org.testng.reporters.JUnitReportReporter -->
<testsuite hostname="ip-172-31-31-95.ec2.internal" name="org.wso2.am.integration.tests.api.lifecycle.ChangeAPITierAndTestInvokingTestCase" tests="4" failures="0" timestamp="5 Nov 2018 08:23:55 GMT" time="165.531" errors="0">
  <testcase name="testInvokingWithGoldTier" time="17.037" classname="org.wso2.am.integration.tests.api.lifecycle.ChangeAPITierAndTestInvokingTestCase"/>
  <testcase name="testEditAPITierToSilver" time="17.633" classname="org.wso2.am.integration.tests.api.lifecycle.ChangeAPITierAndTestInvokingTestCase"/>
  <testcase name="testInvokingWithSilverTier" time="65.817" classname="org.wso2.am.integration.tests.api.lifecycle.ChangeAPITierAndTestInvokingTestCase"/>
  <testcase name="testInvokingAfterExpireThrottleExpireTime" time="65.044" classname="org.wso2.am.integration.tests.api.lifecycle.ChangeAPITierAndTestInvokingTestCase"/>
</testsuite>
