<?xml version="1.0" encoding="UTF-8"?>
<!-- Generated by org.testng.reporters.JUnitReportReporter -->
<testsuite hostname="ip-172-31-31-95.ec2.internal" name="org.wso2.am.integration.tests.api.lifecycle.AccessibilityOfOldAPIAndCopyAPIWithOutReSubscriptionTestCase" tests="3" failures="0" timestamp="5 Nov 2018 08:23:55 GMT" time="6.778" errors="0">
  <testcase name="testInvokeNewAPIWithoutSubscribeTheNewVersion" time="1.131" classname="org.wso2.am.integration.tests.api.lifecycle.AccessibilityOfOldAPIAndCopyAPIWithOutReSubscriptionTestCase"/>
  <testcase name="testPublishCopiedAPIWithOutReSubscriptionRequired" time="2.927" classname="org.wso2.am.integration.tests.api.lifecycle.AccessibilityOfOldAPIAndCopyAPIWithOutReSubscriptionTestCase"/>
  <testcase name="testSubscriptionOfOldAPI" time="2.720" classname="org.wso2.am.integration.tests.api.lifecycle.AccessibilityOfOldAPIAndCopyAPIWithOutReSubscriptionTestCase"/>
</testsuite>
