<?xml version="1.0" encoding="UTF-8"?>
<!-- Generated by org.testng.reporters.JUnitReportReporter -->
<testsuite hostname="ip-172-31-31-95.ec2.internal" name="org.wso2.am.integration.tests.other.APIMANAGER3965TestCase" tests="4" failures="0" timestamp="5 Nov 2018 08:23:55 GMT" time="38.500" errors="0">
  <testcase name="testAPICreationWithCorsConfiguration" time="16.262" classname="org.wso2.am.integration.tests.other.APIMANAGER3965TestCase"/>
  <testcase name="testAPICreationWithCorsConfiguration" time="16.024" classname="org.wso2.am.integration.tests.other.APIMANAGER3965TestCase"/>
  <testcase name="testAPICreationWithOutCorsConfiguration" time="3.261" classname="org.wso2.am.integration.tests.other.APIMANAGER3965TestCase"/>
  <testcase name="testAPICreationWithOutCorsConfiguration" time="2.953" classname="org.wso2.am.integration.tests.other.APIMANAGER3965TestCase"/>
</testsuite>
