<?xml version="1.0" encoding="UTF-8"?>
<!-- Generated by org.testng.reporters.JUnitReportReporter -->
<testsuite hostname="ip-172-31-31-95.ec2.internal" name="org.wso2.am.integration.tests.other.APISearchAPIByTagTestCase" tests="6" failures="0" timestamp="5 Nov 2018 08:23:55 GMT" time="51.909" errors="0">
  <testcase name="testAPICreation" time="5.475" classname="org.wso2.am.integration.tests.other.APISearchAPIByTagTestCase"/>
  <testcase name="testAPISearchByTag" time="6.526" classname="org.wso2.am.integration.tests.other.APISearchAPIByTagTestCase"/>
  <testcase name="testAPISearchByTagGroup" time="12.053" classname="org.wso2.am.integration.tests.other.APISearchAPIByTagTestCase"/>
  <testcase name="testAPISearchByTag" time="0.227" classname="org.wso2.am.integration.tests.other.APISearchAPIByTagTestCase"/>
  <testcase name="testAPICreation" time="6.432" classname="org.wso2.am.integration.tests.other.APISearchAPIByTagTestCase"/>
  <testcase name="testAPISearchByTagGroup" time="21.196" classname="org.wso2.am.integration.tests.other.APISearchAPIByTagTestCase"/>
</testsuite>
