<?xml version="1.0" encoding="UTF-8"?>
<!-- Generated by org.testng.reporters.JUnitReportReporter -->
<testsuite hostname="ip-172-31-31-95.ec2.internal" name="org.wso2.am.integration.tests.resources.APIResourceModificationTestCase" tests="2" failures="0" timestamp="5 Nov 2018 08:23:55 GMT" time="10.921" errors="0">
  <testcase name="testSetScopeToResourceTestCase" time="5.929" classname="org.wso2.am.integration.tests.resources.APIResourceModificationTestCase"/>
  <testcase name="testSetScopeToResourceTestCase" time="4.992" classname="org.wso2.am.integration.tests.resources.APIResourceModificationTestCase"/>
</testsuite>
