<?xml version="1.0" encoding="UTF-8"?>
<!-- Generated by org.testng.reporters.JUnitReportReporter -->
<testsuite hostname="ip-172-31-31-95.ec2.internal" name="org.wso2.am.integration.tests.token.RefreshTokenTestCase" tests="2" failures="0" timestamp="5 Nov 2018 08:23:55 GMT" time="19.945" errors="0">
  <testcase name="testRefreshTokenAPITestCase" time="10.480" classname="org.wso2.am.integration.tests.token.RefreshTokenTestCase"/>
  <testcase name="testRefreshTokenAPITestCase" time="9.465" classname="org.wso2.am.integration.tests.token.RefreshTokenTestCase"/>
</testsuite>
