<?xml version="1.0" encoding="UTF-8"?>
<!-- Generated by org.testng.reporters.JUnitReportReporter -->
<testsuite hostname="ip-172-31-31-95.ec2.internal" name="org.wso2.am.integration.tests.other.APIScopeTestCase" tests="6" failures="0" timestamp="5 Nov 2018 08:23:55 GMT" time="63.657" errors="0">
  <testcase name="testUpdateApiWithScopes" time="2.011" classname="org.wso2.am.integration.tests.other.APIScopeTestCase"/>
  <testcase name="testUpdateApiWithScopes" time="1.306" classname="org.wso2.am.integration.tests.other.APIScopeTestCase"/>
  <testcase name="testCopyApiWithScopes" time="5.840" classname="org.wso2.am.integration.tests.other.APIScopeTestCase"/>
  <testcase name="testCopyApiWithScopes" time="7.190" classname="org.wso2.am.integration.tests.other.APIScopeTestCase"/>
  <testcase name="testSetScopeToResourceTestCase" time="22.245" classname="org.wso2.am.integration.tests.other.APIScopeTestCase"/>
  <testcase name="testSetScopeToResourceTestCase" time="25.065" classname="org.wso2.am.integration.tests.other.APIScopeTestCase"/>
</testsuite>
