<?xml version="1.0" encoding="UTF-8"?>
<!-- Generated by org.testng.reporters.JUnitReportReporter -->
<testsuite hostname="ip-172-31-31-95.ec2.internal" name="org.wso2.am.integration.tests.api.lifecycle.AddNewMediationAndInvokeAPITestCase" tests="3" failures="0" timestamp="5 Nov 2018 08:23:55 GMT" time="37.142" errors="0">
  <testcase name="testAPIInvocationAfterAddingNewMediation" time="16.554" classname="org.wso2.am.integration.tests.api.lifecycle.AddNewMediationAndInvokeAPITestCase"/>
  <testcase name="testAPIInvocationBeforeAddingNewMediation" time="3.566" classname="org.wso2.am.integration.tests.api.lifecycle.AddNewMediationAndInvokeAPITestCase"/>
  <testcase name="testAPIInvocationBeforeRemovingNewMediation" time="17.022" classname="org.wso2.am.integration.tests.api.lifecycle.AddNewMediationAndInvokeAPITestCase"/>
</testsuite>
