<?xml version="1.0" encoding="UTF-8"?>
<!-- Generated by org.testng.reporters.JUnitReportReporter -->
<testsuite hostname="ip-172-31-31-95.ec2.internal" name="org.wso2.am.integration.tests.other.APIM641StoreApiTestCase" tests="15" failures="0" timestamp="5 Nov 2018 08:23:55 GMT" time="3.215" errors="0">
  <testcase name="testValidStoreLoginAndLogout" time="0.140" classname="org.wso2.am.integration.tests.other.APIM641StoreApiTestCase"/>
  <testcase name="testValidStoreLoginAndLogout" time="0.122" classname="org.wso2.am.integration.tests.other.APIM641StoreApiTestCase"/>
  <testcase name="testInvalidUserSignUp" time="0.449" classname="org.wso2.am.integration.tests.other.APIM641StoreApiTestCase"/>
  <testcase name="testInvalidStoreLogin" time="0.024" classname="org.wso2.am.integration.tests.other.APIM641StoreApiTestCase"/>
  <testcase name="testUserSignUp" time="0.560" classname="org.wso2.am.integration.tests.other.APIM641StoreApiTestCase"/>
  <testcase name="testInvalidStoreLogin" time="0.024" classname="org.wso2.am.integration.tests.other.APIM641StoreApiTestCase"/>
  <testcase name="testUserSignUp" time="0.543" classname="org.wso2.am.integration.tests.other.APIM641StoreApiTestCase"/>
  <testcase name="testInvalidStoreLogin" time="0.025" classname="org.wso2.am.integration.tests.other.APIM641StoreApiTestCase"/>
  <testcase name="testUserSignUp" time="0.570" classname="org.wso2.am.integration.tests.other.APIM641StoreApiTestCase"/>
  <testcase name="testInvalidUserSignUp" time="0.021" classname="org.wso2.am.integration.tests.other.APIM641StoreApiTestCase"/>
  <testcase name="testValidStoreLoginAndLogout" time="0.063" classname="org.wso2.am.integration.tests.other.APIM641StoreApiTestCase"/>
  <testcase name="testInvalidStoreLogin" time="0.033" classname="org.wso2.am.integration.tests.other.APIM641StoreApiTestCase"/>
  <testcase name="testValidStoreLoginAndLogout" time="0.067" classname="org.wso2.am.integration.tests.other.APIM641StoreApiTestCase"/>
  <testcase name="testUserSignUp" time="0.545" classname="org.wso2.am.integration.tests.other.APIM641StoreApiTestCase"/>
  <testcase name="testInvalidStoreLogin" time="0.029" classname="org.wso2.am.integration.tests.other.APIM641StoreApiTestCase"/>
</testsuite>
