<?xml version="1.0" encoding="UTF-8"?>
<!-- Generated by org.testng.reporters.JUnitReportReporter -->
<testsuite hostname="ip-172-31-31-95.ec2.internal" name="org.wso2.am.integration.tests.api.lifecycle.ChangeAuthTypeOfResourceTestCase" tests="4" failures="0" timestamp="5 Nov 2018 08:23:55 GMT" time="52.088" errors="0">
  <testcase name="testInvokeGETResourceWithAuthTypeNone" time="15.940" classname="org.wso2.am.integration.tests.api.lifecycle.ChangeAuthTypeOfResourceTestCase"/>
  <testcase name="testInvokeGETResourceWithAuthTypeApplicationUser" time="16.168" classname="org.wso2.am.integration.tests.api.lifecycle.ChangeAuthTypeOfResourceTestCase"/>
  <testcase name="testInvokeResourceWithAuthTypeApplication" time="15.994" classname="org.wso2.am.integration.tests.api.lifecycle.ChangeAuthTypeOfResourceTestCase"/>
  <testcase name="testInvokeResourceWithAuthTypeApplicationAndApplicationUser" time="3.986" classname="org.wso2.am.integration.tests.api.lifecycle.ChangeAuthTypeOfResourceTestCase"/>
</testsuite>
