<?xml version="1.0" encoding="UTF-8"?>
<!-- Generated by org.testng.reporters.JUnitReportReporter -->
<testsuite hostname="ip-172-31-31-95.ec2.internal" name="org.wso2.am.integration.tests.application.AuthApplicationUpdateTestCase" tests="10" failures="0" timestamp="5 Nov 2018 08:23:55 GMT" time="7.333" errors="0">
  <testcase name="testApplicationUpdate" time="0.096" classname="org.wso2.am.integration.tests.application.AuthApplicationUpdateTestCase"/>
  <testcase name="testApplicationNameUpdateAfterKeyGeneration" time="2.403" classname="org.wso2.am.integration.tests.application.AuthApplicationUpdateTestCase"/>
  <testcase name="testApplicationUpdate" time="0.106" classname="org.wso2.am.integration.tests.application.AuthApplicationUpdateTestCase"/>
  <testcase name="testApplicationCreation" time="0.331" classname="org.wso2.am.integration.tests.application.AuthApplicationUpdateTestCase"/>
  <testcase name="testApplicationGrantTypeAfterUpdate" time="0.028" classname="org.wso2.am.integration.tests.application.AuthApplicationUpdateTestCase"/>
  <testcase name="testSubscriptionAfterApplicationNameUpdate" time="0.040" classname="org.wso2.am.integration.tests.application.AuthApplicationUpdateTestCase"/>
  <testcase name="testSubscriptionAfterApplicationNameUpdate" time="0.026" classname="org.wso2.am.integration.tests.application.AuthApplicationUpdateTestCase"/>
  <testcase name="testApplicationGrantTypeAfterUpdate" time="0.030" classname="org.wso2.am.integration.tests.application.AuthApplicationUpdateTestCase"/>
  <testcase name="testApplicationNameUpdateAfterKeyGeneration" time="3.135" classname="org.wso2.am.integration.tests.application.AuthApplicationUpdateTestCase"/>
  <testcase name="testApplicationCreation" time="1.138" classname="org.wso2.am.integration.tests.application.AuthApplicationUpdateTestCase"/>
</testsuite>
