<?xml version="1.0" encoding="UTF-8"?>
<!-- Generated by org.testng.reporters.JUnitReportReporter -->
<testsuite hostname="ip-172-31-31-95.ec2.internal" name="org.wso2.am.integration.tests.other.LoadBalancedEndPointTestCase" tests="4" failures="0" timestamp="5 Nov 2018 08:23:55 GMT" time="167.002" errors="0">
  <testcase name="testCreateApiWithDifferentProductionEndpoints" time="3.221" classname="org.wso2.am.integration.tests.other.LoadBalancedEndPointTestCase"/>
  <testcase name="testRoundRobinAlgorithmInProductionAndSandboxEndpoints" time="80.881" classname="org.wso2.am.integration.tests.other.LoadBalancedEndPointTestCase"/>
  <testcase name="testCreateApiWithBothProdAndSandboxEndpoints" time="2.461" classname="org.wso2.am.integration.tests.other.LoadBalancedEndPointTestCase"/>
  <testcase name="testRoundRobinAlgorithmInProductionEndpoints" time="80.439" classname="org.wso2.am.integration.tests.other.LoadBalancedEndPointTestCase"/>
</testsuite>
