<?xml version="1.0" encoding="UTF-8"?>
<!-- Generated by org.testng.reporters.JUnitReportReporter -->
<testsuite hostname="ip-172-31-31-95.ec2.internal" name="org.wso2.am.integration.tests.jwt.URLSafeJWTTestCase" tests="6" failures="0" timestamp="5 Nov 2018 08:23:55 GMT" time="76.145" errors="0">
  <testcase name="testEnableJWTAndClaims" time="15.610" classname="org.wso2.am.integration.tests.jwt.URLSafeJWTTestCase"/>
  <testcase name="testAPIAccessWhenJWTCachingEnabledTestCase" time="24.241" classname="org.wso2.am.integration.tests.jwt.URLSafeJWTTestCase"/>
  <testcase name="testSpecificUserJWTClaims" time="1.854" classname="org.wso2.am.integration.tests.jwt.URLSafeJWTTestCase"/>
  <testcase name="testEnableJWTAndClaims" time="7.639" classname="org.wso2.am.integration.tests.jwt.URLSafeJWTTestCase"/>
  <testcase name="testSpecificUserJWTClaims" time="1.844" classname="org.wso2.am.integration.tests.jwt.URLSafeJWTTestCase"/>
  <testcase name="testAPIAccessWhenJWTCachingEnabledTestCase" time="24.957" classname="org.wso2.am.integration.tests.jwt.URLSafeJWTTestCase"/>
</testsuite>
