<?xml version="1.0" encoding="UTF-8"?>
<!-- Generated by org.testng.reporters.JUnitReportReporter -->
<testsuite hostname="ip-172-31-31-95.ec2.internal" name="org.wso2.am.integration.tests.api.lifecycle.UsersAndDocsInAPIOverviewTestCase" tests="3" failures="0" timestamp="5 Nov 2018 08:23:55 GMT" time="5.940" errors="0">
  <testcase name="testNumberOfUsersInAPIOverview" time="4.867" classname="org.wso2.am.integration.tests.api.lifecycle.UsersAndDocsInAPIOverviewTestCase"/>
  <testcase name="testDocInformationInDocsTabInAPIOverview" time="0.831" classname="org.wso2.am.integration.tests.api.lifecycle.UsersAndDocsInAPIOverviewTestCase"/>
  <testcase name="testUsersInformationInUserTabInAPIOverview" time="0.242" classname="org.wso2.am.integration.tests.api.lifecycle.UsersAndDocsInAPIOverviewTestCase"/>
</testsuite>
