<?xml version="1.0" encoding="UTF-8"?>
<!-- Generated by org.testng.reporters.JUnitReportReporter -->
<testsuite hostname="ip-172-31-31-95.ec2.internal" name="org.wso2.am.integration.tests.publisher.APIM627AddDocumentationToAnAPIWithDocTypeOtherThroughPublisherRestAPITestCase" tests="3" failures="0" timestamp="5 Nov 2018 08:23:55 GMT" time="1.336" errors="0">
  <testcase name="testAddDocumentToAnAPIOtherUrl" time="0.095" classname="org.wso2.am.integration.tests.publisher.APIM627AddDocumentationToAnAPIWithDocTypeOtherThroughPublisherRestAPITestCase"/>
  <testcase name="testAddDocumentToAnAPIOtherInline" time="1.079" classname="org.wso2.am.integration.tests.publisher.APIM627AddDocumentationToAnAPIWithDocTypeOtherThroughPublisherRestAPITestCase"/>
  <testcase name="testRemoveDocumentationOtherTheAPI" time="0.162" classname="org.wso2.am.integration.tests.publisher.APIM627AddDocumentationToAnAPIWithDocTypeOtherThroughPublisherRestAPITestCase"/>
</testsuite>
