<?xml version="1.0" encoding="UTF-8"?>
<!-- Generated by org.testng.reporters.JUnitReportReporter -->
<testsuite hostname="ip-172-31-31-95.ec2.internal" name="org.wso2.am.integration.tests.other.DAOTestCase" tests="6" failures="0" timestamp="5 Nov 2018 08:23:55 GMT" time="13.939" errors="0">
  <testcase name="testApplication" time="0.011" classname="org.wso2.am.integration.tests.other.DAOTestCase"/>
  <testcase name="testApplicationOperations" time="0.002" classname="org.wso2.am.integration.tests.other.DAOTestCase"/>
  <testcase name="testApplication" time="0.016" classname="org.wso2.am.integration.tests.other.DAOTestCase"/>
  <testcase name="testApplicationOperations" time="0.002" classname="org.wso2.am.integration.tests.other.DAOTestCase"/>
  <testcase name="testDAOTestCase" time="7.025" classname="org.wso2.am.integration.tests.other.DAOTestCase"/>
  <testcase name="testDAOTestCase" time="6.883" classname="org.wso2.am.integration.tests.other.DAOTestCase"/>
</testsuite>
