<?xml version="1.0" encoding="UTF-8"?>
<!-- Generated by org.testng.reporters.JUnitReportReporter -->
<testsuite hostname="ip-172-31-31-95.ec2.internal" name="org.wso2.am.integration.tests.prototype.APIM24VisibilityOfPrototypedAPIOfDifferentViewInStoreTestCase" tests="4" failures="0" timestamp="5 Nov 2018 08:23:55 GMT" time="24.605" errors="0">
  <testcase name="testOpenAlreadySavedAPIAndDeployedAsAPrototyped" time="24.366" classname="org.wso2.am.integration.tests.prototype.APIM24VisibilityOfPrototypedAPIOfDifferentViewInStoreTestCase"/>
  <testcase name="testPrototypedAPIVisibilityInRecentlyAddedList" time="0.033" classname="org.wso2.am.integration.tests.prototype.APIM24VisibilityOfPrototypedAPIOfDifferentViewInStoreTestCase"/>
  <testcase name="testPrototypedAPIVisibilityInGeneralAPI" time="0.113" classname="org.wso2.am.integration.tests.prototype.APIM24VisibilityOfPrototypedAPIOfDifferentViewInStoreTestCase"/>
  <testcase name="testTagsOfPrototypedAPIVisibilityInTagList" time="0.093" classname="org.wso2.am.integration.tests.prototype.APIM24VisibilityOfPrototypedAPIOfDifferentViewInStoreTestCase"/>
</testsuite>
