<?xml version="1.0" encoding="UTF-8"?>
<!-- Generated by org.testng.reporters.JUnitReportReporter -->
<testsuite hostname="ip-172-31-31-95.ec2.internal" name="org.wso2.am.integration.tests.application.APIMANAGER3706ApplicationUpdateTestCase" tests="8" failures="0" timestamp="5 Nov 2018 08:23:55 GMT" time="0.826" errors="0">
  <testcase name="testApplicationCreation" time="0.247" classname="org.wso2.am.integration.tests.application.APIMANAGER3706ApplicationUpdateTestCase"/>
  <testcase name="testRegenerateConsumerSecret" time="0.014" classname="org.wso2.am.integration.tests.application.APIMANAGER3706ApplicationUpdateTestCase"/>
  <testcase name="testApplicationUpdate" time="0.102" classname="org.wso2.am.integration.tests.application.APIMANAGER3706ApplicationUpdateTestCase"/>
  <testcase name="testRegenerateConsumerSecret" time="0.032" classname="org.wso2.am.integration.tests.application.APIMANAGER3706ApplicationUpdateTestCase"/>
  <testcase name="testApplicationUpdate" time="0.094" classname="org.wso2.am.integration.tests.application.APIMANAGER3706ApplicationUpdateTestCase"/>
  <testcase name="testApplicationNameUpdateAfterKeyGeneration" time="0.029" classname="org.wso2.am.integration.tests.application.APIMANAGER3706ApplicationUpdateTestCase"/>
  <testcase name="testApplicationCreation" time="0.281" classname="org.wso2.am.integration.tests.application.APIMANAGER3706ApplicationUpdateTestCase"/>
  <testcase name="testApplicationNameUpdateAfterKeyGeneration" time="0.027" classname="org.wso2.am.integration.tests.application.APIMANAGER3706ApplicationUpdateTestCase"/>
</testsuite>
