<?xml version="1.0" encoding="UTF-8"?>
<!-- Generated by org.testng.reporters.JUnitReportReporter -->
<testsuite hostname="ip-172-31-31-95.ec2.internal" name="org.wso2.am.integration.tests.restapi.GIT_1628_OAuthAppUpdateViaRestApiTestCase" tests="14" failures="0" timestamp="5 Nov 2018 08:23:55 GMT" time="2.794" errors="0">
  <testcase name="testGetApplicationAndCheckKeys" time="0.070" classname="org.wso2.am.integration.tests.restapi.GIT_1628_OAuthAppUpdateViaRestApiTestCase"/>
  <testcase name="testTokenGenerationWithPasswordGrant" time="0.058" classname="org.wso2.am.integration.tests.restapi.GIT_1628_OAuthAppUpdateViaRestApiTestCase"/>
  <testcase name="testGetGrantTypesAndCallback" time="0.068" classname="org.wso2.am.integration.tests.restapi.GIT_1628_OAuthAppUpdateViaRestApiTestCase"/>
  <testcase name="testKeyGenerationWithoutGrantTypesNorCallback" time="0.266" classname="org.wso2.am.integration.tests.restapi.GIT_1628_OAuthAppUpdateViaRestApiTestCase"/>
  <testcase name="testTokenGenerationWithClientCredentialsGrant" time="0.064" classname="org.wso2.am.integration.tests.restapi.GIT_1628_OAuthAppUpdateViaRestApiTestCase"/>
  <testcase name="testTokenGenerationWithPasswordGrant" time="0.060" classname="org.wso2.am.integration.tests.restapi.GIT_1628_OAuthAppUpdateViaRestApiTestCase"/>
  <testcase name="testGetApplicationAndCheckKeys" time="0.080" classname="org.wso2.am.integration.tests.restapi.GIT_1628_OAuthAppUpdateViaRestApiTestCase"/>
  <testcase name="testKeyGenerationResponseContainsGrantTypesAndCallback" time="0.702" classname="org.wso2.am.integration.tests.restapi.GIT_1628_OAuthAppUpdateViaRestApiTestCase"/>
  <testcase name="testKeyGenerationWithoutGrantTypesNorCallback" time="0.263" classname="org.wso2.am.integration.tests.restapi.GIT_1628_OAuthAppUpdateViaRestApiTestCase"/>
  <testcase name="testKeyGenerationResponseContainsGrantTypesAndCallback" time="0.375" classname="org.wso2.am.integration.tests.restapi.GIT_1628_OAuthAppUpdateViaRestApiTestCase"/>
  <testcase name="testUpdateGrantTypesAndCallback" time="0.313" classname="org.wso2.am.integration.tests.restapi.GIT_1628_OAuthAppUpdateViaRestApiTestCase"/>
  <testcase name="testGetGrantTypesAndCallback" time="0.066" classname="org.wso2.am.integration.tests.restapi.GIT_1628_OAuthAppUpdateViaRestApiTestCase"/>
  <testcase name="testUpdateGrantTypesAndCallback" time="0.325" classname="org.wso2.am.integration.tests.restapi.GIT_1628_OAuthAppUpdateViaRestApiTestCase"/>
  <testcase name="testTokenGenerationWithClientCredentialsGrant" time="0.084" classname="org.wso2.am.integration.tests.restapi.GIT_1628_OAuthAppUpdateViaRestApiTestCase"/>
</testsuite>
