<?xml version="1.0" encoding="UTF-8"?>
<!-- Generated by org.testng.reporters.JUnitReportReporter -->
<testsuite hostname="ip-172-31-31-95.ec2.internal" name="org.wso2.am.integration.tests.login.LoginValidationTestCase" tests="6" failures="0" timestamp="5 Nov 2018 08:23:55 GMT" time="4.780" errors="0">
  <testcase name="testLoginToStoreTestCase" time="1.846" classname="org.wso2.am.integration.tests.login.LoginValidationTestCase"/>
  <testcase name="testInvalidLoginAsPublisherTestCase" time="0.092" classname="org.wso2.am.integration.tests.login.LoginValidationTestCase"/>
  <testcase name="testInvalidLoginAsSubscriberTestCase" time="0.433" classname="org.wso2.am.integration.tests.login.LoginValidationTestCase"/>
  <testcase name="testLoginToStoreTestCase" time="1.407" classname="org.wso2.am.integration.tests.login.LoginValidationTestCase"/>
  <testcase name="testInvalidLoginAsPublisherTestCase" time="0.760" classname="org.wso2.am.integration.tests.login.LoginValidationTestCase"/>
  <testcase name="testInvalidLoginAsSubscriberTestCase" time="0.242" classname="org.wso2.am.integration.tests.login.LoginValidationTestCase"/>
</testsuite>
