<?xml version="1.0" encoding="UTF-8"?>
<!-- Generated by org.testng.reporters.JUnitReportReporter -->
<testsuite hostname="ip-172-31-31-95.ec2.internal" name="org.wso2.am.integration.tests.api.lifecycle.EditAPIContextAndCheckAccessibilityTestCase" tests="4" failures="0" timestamp="5 Nov 2018 08:23:55 GMT" time="19.066" errors="0">
  <testcase name="testEditAPIContext" time="1.052" classname="org.wso2.am.integration.tests.api.lifecycle.EditAPIContextAndCheckAccessibilityTestCase"/>
  <testcase name="testInvokeAPIAfterChangeAPIContextWithNewContext" time="0.051" classname="org.wso2.am.integration.tests.api.lifecycle.EditAPIContextAndCheckAccessibilityTestCase"/>
  <testcase name="testInvokeAPIBeforeChangeAPIContext" time="2.941" classname="org.wso2.am.integration.tests.api.lifecycle.EditAPIContextAndCheckAccessibilityTestCase"/>
  <testcase name="testInvokeAPIAfterChangeAPIContextWithOldContext" time="15.022" classname="org.wso2.am.integration.tests.api.lifecycle.EditAPIContextAndCheckAccessibilityTestCase"/>
</testsuite>
