<?xml version="1.0" encoding="UTF-8"?>
<!-- Generated by org.testng.reporters.JUnitReportReporter -->
<testsuite hostname="ip-172-31-31-95.ec2.internal" name="org.wso2.am.integration.tests.publisher.APIM18CreateAnAPIThroughThePublisherRestAPITestCase" tests="2" failures="0" timestamp="5 Nov 2018 08:23:55 GMT" time="1.805" errors="0">
  <testcase name="testRemoveAnAPIThroughThePublisherRest" time="0.321" classname="org.wso2.am.integration.tests.publisher.APIM18CreateAnAPIThroughThePublisherRestAPITestCase"/>
  <testcase name="testCreateAnAPIThroughThePublisherRest" time="1.484" classname="org.wso2.am.integration.tests.publisher.APIM18CreateAnAPIThroughThePublisherRestAPITestCase"/>
</testsuite>
