<?xml version="1.0" encoding="UTF-8"?>
<!-- Generated by org.testng.reporters.JUnitReportReporter -->
<testsuite hostname="ip-172-31-31-95.ec2.internal" name="org.wso2.am.integration.tests.other.RelativeUrlLocationHeaderTestCase" tests="1" failures="0" timestamp="5 Nov 2018 08:23:55 GMT" time="3.465" errors="0">
  <testcase name="testAPIWithRelativeUrlLocationHeader" time="3.465" classname="org.wso2.am.integration.tests.other.RelativeUrlLocationHeaderTestCase"/>
</testsuite>
