<?xml version="1.0" encoding="UTF-8"?>
<!-- Generated by org.testng.reporters.JUnitReportReporter -->
<testsuite hostname="ip-172-31-31-95.ec2.internal" name="org.wso2.am.integration.tests.other.APIM678ApplicationCreationTestCase" tests="24" failures="0" timestamp="5 Nov 2018 08:23:55 GMT" time="1.060" errors="0">
  <testcase name="testApplicationCreation" time="0.017" classname="org.wso2.am.integration.tests.other.APIM678ApplicationCreationTestCase"/>
  <testcase name="testApplicationCreationForInvalidData" time="0.011" classname="org.wso2.am.integration.tests.other.APIM678ApplicationCreationTestCase"/>
  <testcase name="testApplicationCreation" time="0.016" classname="org.wso2.am.integration.tests.other.APIM678ApplicationCreationTestCase"/>
  <testcase name="testApplicationCreation" time="0.020" classname="org.wso2.am.integration.tests.other.APIM678ApplicationCreationTestCase"/>
  <testcase name="testApplicationCreation" time="0.016" classname="org.wso2.am.integration.tests.other.APIM678ApplicationCreationTestCase"/>
  <testcase name="getAllCreatedApplications" time="0.010" classname="org.wso2.am.integration.tests.other.APIM678ApplicationCreationTestCase"/>
  <testcase name="testApplicationCreationForInvalidData" time="0.012" classname="org.wso2.am.integration.tests.other.APIM678ApplicationCreationTestCase"/>
  <testcase name="testAlreadyCreatedApplication" time="0.013" classname="org.wso2.am.integration.tests.other.APIM678ApplicationCreationTestCase"/>
  <testcase name="testApplicationCreation" time="0.040" classname="org.wso2.am.integration.tests.other.APIM678ApplicationCreationTestCase"/>
  <testcase name="testApplicationCreationForInvalidData" time="0.012" classname="org.wso2.am.integration.tests.other.APIM678ApplicationCreationTestCase"/>
  <testcase name="testApplicationCreationForInvalidData" time="0.027" classname="org.wso2.am.integration.tests.other.APIM678ApplicationCreationTestCase"/>
  <testcase name="testRemoveApplication" time="0.054" classname="org.wso2.am.integration.tests.other.APIM678ApplicationCreationTestCase"/>
  <testcase name="testUpdateApplication" time="0.203" classname="org.wso2.am.integration.tests.other.APIM678ApplicationCreationTestCase"/>
  <testcase name="testUpdateApplication" time="0.117" classname="org.wso2.am.integration.tests.other.APIM678ApplicationCreationTestCase"/>
  <testcase name="testApplicationCreation" time="0.016" classname="org.wso2.am.integration.tests.other.APIM678ApplicationCreationTestCase"/>
  <testcase name="testApplicationCreationWithCustomAttributes" time="0.025" classname="org.wso2.am.integration.tests.other.APIM678ApplicationCreationTestCase"/>
  <testcase name="getAllCreatedApplications" time="0.011" classname="org.wso2.am.integration.tests.other.APIM678ApplicationCreationTestCase"/>
  <testcase name="testApplicationCreationForInvalidData" time="0.012" classname="org.wso2.am.integration.tests.other.APIM678ApplicationCreationTestCase"/>
  <testcase name="testRemoveApplication" time="0.057" classname="org.wso2.am.integration.tests.other.APIM678ApplicationCreationTestCase"/>
  <testcase name="testAlreadyCreatedApplication" time="0.008" classname="org.wso2.am.integration.tests.other.APIM678ApplicationCreationTestCase"/>
  <testcase name="testApplicationCreationForInvalidData" time="0.025" classname="org.wso2.am.integration.tests.other.APIM678ApplicationCreationTestCase"/>
  <testcase name="testApplicationCreation" time="0.023" classname="org.wso2.am.integration.tests.other.APIM678ApplicationCreationTestCase"/>
  <testcase name="testApplicationCreation" time="0.022" classname="org.wso2.am.integration.tests.other.APIM678ApplicationCreationTestCase"/>
  <testcase name="testApplicationCreationWithCustomAttributes" time="0.293" classname="org.wso2.am.integration.tests.other.APIM678ApplicationCreationTestCase"/>
</testsuite>
