<?xml version="1.0" encoding="UTF-8"?>
<!-- Generated by org.testng.reporters.JUnitReportReporter -->
<testsuite hostname="ip-172-31-31-95.ec2.internal" name="org.wso2.am.integration.tests.other.APIImportExportTestCase" tests="32" failures="0" timestamp="5 Nov 2018 08:23:55 GMT" time="56.029" errors="0">
  <testcase name="testAPICreation" time="3.123" classname="org.wso2.am.integration.tests.other.APIImportExportTestCase"/>
  <testcase name="testAPIState" time="0.091" classname="org.wso2.am.integration.tests.other.APIImportExportTestCase"/>
  <testcase name="testPreserveProviderFalseApiExport" time="1.068" classname="org.wso2.am.integration.tests.other.APIImportExportTestCase"/>
  <testcase name="testPreserveProviderFalseAPICreation" time="3.698" classname="org.wso2.am.integration.tests.other.APIImportExportTestCase"/>
  <testcase name="testNewAPIInvokeAfterImport" time="2.586" classname="org.wso2.am.integration.tests.other.APIImportExportTestCase"/>
  <testcase name="testPreserveProviderTrueSameProviderApiImport" time="2.878" classname="org.wso2.am.integration.tests.other.APIImportExportTestCase"/>
  <testcase name="testNewAPIInvoke" time="0.560" classname="org.wso2.am.integration.tests.other.APIImportExportTestCase"/>
  <testcase name="testPreserveProviderFalseApiExport" time="0.813" classname="org.wso2.am.integration.tests.other.APIImportExportTestCase"/>
  <testcase name="testAPIState" time="0.086" classname="org.wso2.am.integration.tests.other.APIImportExportTestCase"/>
  <testcase name="testPreserveProviderFalseSameProviderApiImport" time="2.839" classname="org.wso2.am.integration.tests.other.APIImportExportTestCase"/>
  <testcase name="testPreserveProviderFalseSameProviderApiImport" time="3.216" classname="org.wso2.am.integration.tests.other.APIImportExportTestCase"/>
  <testcase name="testNewAPICreation" time="3.317" classname="org.wso2.am.integration.tests.other.APIImportExportTestCase"/>
  <testcase name="testNewAPIState" time="0.081" classname="org.wso2.am.integration.tests.other.APIImportExportTestCase"/>
  <testcase name="testNewAPIExport" time="0.192" classname="org.wso2.am.integration.tests.other.APIImportExportTestCase"/>
  <testcase name="testNewAPIInvokeAfterImport" time="2.225" classname="org.wso2.am.integration.tests.other.APIImportExportTestCase"/>
  <testcase name="testPreserveProviderTrueApiExport" time="0.793" classname="org.wso2.am.integration.tests.other.APIImportExportTestCase"/>
  <testcase name="testAPIImport" time="2.168" classname="org.wso2.am.integration.tests.other.APIImportExportTestCase"/>
  <testcase name="testNewAPIImport" time="1.702" classname="org.wso2.am.integration.tests.other.APIImportExportTestCase"/>
  <testcase name="testAPIExport" time="0.339" classname="org.wso2.am.integration.tests.other.APIImportExportTestCase"/>
  <testcase name="testPreserveProviderFalseAPICreation" time="3.102" classname="org.wso2.am.integration.tests.other.APIImportExportTestCase"/>
  <testcase name="testNewAPIImport" time="2.152" classname="org.wso2.am.integration.tests.other.APIImportExportTestCase"/>
  <testcase name="testNewAPIInvoke" time="0.795" classname="org.wso2.am.integration.tests.other.APIImportExportTestCase"/>
  <testcase name="testNewAPIExport" time="0.164" classname="org.wso2.am.integration.tests.other.APIImportExportTestCase"/>
  <testcase name="testPreserveProviderTrueAPICreation" time="2.836" classname="org.wso2.am.integration.tests.other.APIImportExportTestCase"/>
  <testcase name="testPreserveProviderTrueApiExport" time="0.799" classname="org.wso2.am.integration.tests.other.APIImportExportTestCase"/>
  <testcase name="testAPICreation" time="3.087" classname="org.wso2.am.integration.tests.other.APIImportExportTestCase"/>
  <testcase name="testPreserveProviderTrueAPICreation" time="2.636" classname="org.wso2.am.integration.tests.other.APIImportExportTestCase"/>
  <testcase name="testPreserveProviderTrueSameProviderApiImport" time="2.751" classname="org.wso2.am.integration.tests.other.APIImportExportTestCase"/>
  <testcase name="testAPIExport" time="0.473" classname="org.wso2.am.integration.tests.other.APIImportExportTestCase"/>
  <testcase name="testAPIImport" time="1.903" classname="org.wso2.am.integration.tests.other.APIImportExportTestCase"/>
  <testcase name="testNewAPICreation" time="3.471" classname="org.wso2.am.integration.tests.other.APIImportExportTestCase"/>
  <testcase name="testNewAPIState" time="0.085" classname="org.wso2.am.integration.tests.other.APIImportExportTestCase"/>
</testsuite>
