<?xml version="1.0" encoding="UTF-8"?>
<!-- Generated by org.testng.reporters.JUnitReportReporter -->
<testsuite hostname="ip-172-31-31-95.ec2.internal" name="org.wso2.am.integration.tests.token.OpenIDTokenAPITestCase" tests="4" failures="0" timestamp="5 Nov 2018 08:23:55 GMT" time="1.294" errors="0">
  <testcase name="testGenerateAccessTokenWithOpenIdScope" time="0.675" classname="org.wso2.am.integration.tests.token.OpenIDTokenAPITestCase"/>
  <testcase name="testCallUserInfoApiWithOpenIdAccessToken" time="0.181" classname="org.wso2.am.integration.tests.token.OpenIDTokenAPITestCase"/>
  <testcase name="testCallUserInfoApiWithOpenIdAccessToken" time="0.045" classname="org.wso2.am.integration.tests.token.OpenIDTokenAPITestCase"/>
  <testcase name="testGenerateAccessTokenWithOpenIdScope" time="0.393" classname="org.wso2.am.integration.tests.token.OpenIDTokenAPITestCase"/>
</testsuite>
