<?xml version="1.0" encoding="UTF-8"?>
<!-- Generated by org.testng.reporters.JUnitReportReporter -->
<testsuite hostname="ip-172-31-31-95.ec2.internal" name="org.wso2.am.integration.tests.application.GrantTypeTokenGenerateTestCase" tests="14" failures="0" timestamp="5 Nov 2018 08:23:55 GMT" time="11.686" errors="0">
  <testcase name="testImplicit" time="0.387" classname="org.wso2.am.integration.tests.application.GrantTypeTokenGenerateTestCase"/>
  <testcase name="testAPICreation" time="2.368" classname="org.wso2.am.integration.tests.application.GrantTypeTokenGenerateTestCase"/>
  <testcase name="testAuthCode" time="0.495" classname="org.wso2.am.integration.tests.application.GrantTypeTokenGenerateTestCase"/>
  <testcase name="testApplicationCreation" time="0.830" classname="org.wso2.am.integration.tests.application.GrantTypeTokenGenerateTestCase"/>
  <testcase name="testApplicationCreationWithoutCallBackURL" time="0.980" classname="org.wso2.am.integration.tests.application.GrantTypeTokenGenerateTestCase"/>
  <testcase name="testApplicationUpdateAndTestKeyGeneration" time="1.559" classname="org.wso2.am.integration.tests.application.GrantTypeTokenGenerateTestCase"/>
  <testcase name="testApplicationCreationWithoutCallBackURL" time="0.262" classname="org.wso2.am.integration.tests.application.GrantTypeTokenGenerateTestCase"/>
  <testcase name="testApplicationUpdateAndTestKeyGeneration" time="0.828" classname="org.wso2.am.integration.tests.application.GrantTypeTokenGenerateTestCase"/>
  <testcase name="testAPICreation" time="2.350" classname="org.wso2.am.integration.tests.application.GrantTypeTokenGenerateTestCase"/>
  <testcase name="testImplicit" time="0.297" classname="org.wso2.am.integration.tests.application.GrantTypeTokenGenerateTestCase"/>
  <testcase name="testAuthRequestWithoutCallbackURL" time="0.063" classname="org.wso2.am.integration.tests.application.GrantTypeTokenGenerateTestCase"/>
  <testcase name="testAuthCode" time="0.867" classname="org.wso2.am.integration.tests.application.GrantTypeTokenGenerateTestCase"/>
  <testcase name="testAuthRequestWithoutCallbackURL" time="0.062" classname="org.wso2.am.integration.tests.application.GrantTypeTokenGenerateTestCase"/>
  <testcase name="testApplicationCreation" time="0.338" classname="org.wso2.am.integration.tests.application.GrantTypeTokenGenerateTestCase"/>
</testsuite>
