<?xml version="1.0" encoding="UTF-8"?>
<!-- Generated by org.testng.reporters.JUnitReportReporter -->
<testsuite hostname="ip-172-31-31-95.ec2.internal" name="org.wso2.am.integration.tests.publisher.APIM16LoginToTheAPIPublisherThroughThePublisherRestAPITestCase" tests="10" failures="0" timestamp="5 Nov 2018 08:23:55 GMT" time="1.069" errors="0">
  <testcase name="testPublisherLoginAndLogoutForValidCredentials" time="0.147" classname="org.wso2.am.integration.tests.publisher.APIM16LoginToTheAPIPublisherThroughThePublisherRestAPITestCase"/>
  <testcase name="testInvalidStoreLogin" time="0.046" classname="org.wso2.am.integration.tests.publisher.APIM16LoginToTheAPIPublisherThroughThePublisherRestAPITestCase"/>
  <testcase name="testInvalidStoreLogin" time="0.047" classname="org.wso2.am.integration.tests.publisher.APIM16LoginToTheAPIPublisherThroughThePublisherRestAPITestCase"/>
  <testcase name="testPublisherLoginAndLogoutForValidCredentials" time="0.122" classname="org.wso2.am.integration.tests.publisher.APIM16LoginToTheAPIPublisherThroughThePublisherRestAPITestCase"/>
  <testcase name="testInvalidStoreLogin" time="0.053" classname="org.wso2.am.integration.tests.publisher.APIM16LoginToTheAPIPublisherThroughThePublisherRestAPITestCase"/>
  <testcase name="testInvalidStoreLogin" time="0.048" classname="org.wso2.am.integration.tests.publisher.APIM16LoginToTheAPIPublisherThroughThePublisherRestAPITestCase"/>
  <testcase name="testInvalidStoreLogin" time="0.046" classname="org.wso2.am.integration.tests.publisher.APIM16LoginToTheAPIPublisherThroughThePublisherRestAPITestCase"/>
  <testcase name="testPublisherLoginAndLogoutForValidCredentials" time="0.336" classname="org.wso2.am.integration.tests.publisher.APIM16LoginToTheAPIPublisherThroughThePublisherRestAPITestCase"/>
  <testcase name="testInvalidStoreLogin" time="0.053" classname="org.wso2.am.integration.tests.publisher.APIM16LoginToTheAPIPublisherThroughThePublisherRestAPITestCase"/>
  <testcase name="testPublisherLoginAndLogoutForValidCredentials" time="0.171" classname="org.wso2.am.integration.tests.publisher.APIM16LoginToTheAPIPublisherThroughThePublisherRestAPITestCase"/>
</testsuite>
