<?xml version="1.0" encoding="UTF-8"?>
<!-- Generated by org.testng.reporters.JUnitReportReporter -->
<testsuite hostname="ip-172-31-31-95.ec2.internal" name="org.wso2.am.integration.tests.api.lifecycle.AddEditRemoveRESTResourceTestCase" tests="5" failures="0" timestamp="5 Nov 2018 08:23:55 GMT" time="55.170" errors="0">
  <testcase name="testInvokePOSTAndGETResourceAfterAddingPOSTResource" time="17.056" classname="org.wso2.am.integration.tests.api.lifecycle.AddEditRemoveRESTResourceTestCase"/>
  <testcase name="testInvokePOSTResourceBeforeAddingPOSTResource" time="0.031" classname="org.wso2.am.integration.tests.api.lifecycle.AddEditRemoveRESTResourceTestCase"/>
  <testcase name="testInvokePOSTAndGetResourceAfterAddingURLPattern" time="18.867" classname="org.wso2.am.integration.tests.api.lifecycle.AddEditRemoveRESTResourceTestCase"/>
  <testcase name="testInvokeGETResource" time="2.375" classname="org.wso2.am.integration.tests.api.lifecycle.AddEditRemoveRESTResourceTestCase"/>
  <testcase name="testInvokeGETAndPOSTResourceAfterRemovePOSTResource" time="16.841" classname="org.wso2.am.integration.tests.api.lifecycle.AddEditRemoveRESTResourceTestCase"/>
</testsuite>
