<?xml version="1.0" encoding="UTF-8"?>
<!-- Generated by org.testng.reporters.JUnitReportReporter -->
<testsuite hostname="ip-172-31-31-95.ec2.internal" name="org.wso2.am.integration.tests.api.lifecycle.APITagVisibilityByRoleTestCase" tests="6" failures="0" timestamp="5 Nov 2018 08:23:55 GMT" time="110.638" errors="0">
  <testcase name="testAPITagVisibilityAuthorisedUser" time="5.188" classname="org.wso2.am.integration.tests.api.lifecycle.APITagVisibilityByRoleTestCase"/>
  <testcase name="testAPITagVisibilityAuthorisedUser" time="5.195" classname="org.wso2.am.integration.tests.api.lifecycle.APITagVisibilityByRoleTestCase"/>
  <testcase name="testAPICreationWithVisibility" time="4.695" classname="org.wso2.am.integration.tests.api.lifecycle.APITagVisibilityByRoleTestCase"/>
  <testcase name="testAPICreationWithVisibility" time="4.947" classname="org.wso2.am.integration.tests.api.lifecycle.APITagVisibilityByRoleTestCase"/>
  <testcase name="testAPITagVisibilityAnonymousUser" time="45.371" classname="org.wso2.am.integration.tests.api.lifecycle.APITagVisibilityByRoleTestCase"/>
  <testcase name="testAPITagVisibilityAnonymousUser" time="45.242" classname="org.wso2.am.integration.tests.api.lifecycle.APITagVisibilityByRoleTestCase"/>
</testsuite>
