<?xml version="1.0" encoding="UTF-8"?>
<!-- Generated by org.testng.reporters.JUnitReportReporter -->
<testsuite hostname="ip-172-31-31-95.ec2.internal" name="org.wso2.am.integration.tests.other.APIInvocationFailureTestCase" tests="2" failures="0" timestamp="5 Nov 2018 08:23:55 GMT" time="10.455" errors="0">
  <testcase name="APIInvocationFailure" time="6.616" classname="org.wso2.am.integration.tests.other.APIInvocationFailureTestCase"/>
  <testcase name="APIInvocationFailure" time="3.839" classname="org.wso2.am.integration.tests.other.APIInvocationFailureTestCase"/>
</testsuite>
