<?xml version="1.0" encoding="UTF-8"?>
<!-- Generated by org.testng.reporters.JUnitReportReporter -->
<testsuite hostname="ip-172-31-31-95.ec2.internal" name="org.wso2.am.integration.tests.jwt.JWTTestCase" tests="8" failures="0" timestamp="5 Nov 2018 08:23:55 GMT" time="103.519" errors="0">
  <testcase name="testAPIAccessWhenJWTCachingEnabledTestCase" time="25.884" classname="org.wso2.am.integration.tests.jwt.JWTTestCase"/>
  <testcase name="testAPIAccessWhenJWTCachingEnabledTestCase" time="26.742" classname="org.wso2.am.integration.tests.jwt.JWTTestCase"/>
  <testcase name="testEnableJWTAndClaims" time="8.839" classname="org.wso2.am.integration.tests.jwt.JWTTestCase"/>
  <testcase name="testPrototypeInvocationWithJWTEnabled" time="6.237" classname="org.wso2.am.integration.tests.jwt.JWTTestCase"/>
  <testcase name="testSpecificUserJWTClaims" time="6.872" classname="org.wso2.am.integration.tests.jwt.JWTTestCase"/>
  <testcase name="testSpecificUserJWTClaims" time="7.288" classname="org.wso2.am.integration.tests.jwt.JWTTestCase"/>
  <testcase name="testPrototypeInvocationWithJWTEnabled" time="4.422" classname="org.wso2.am.integration.tests.jwt.JWTTestCase"/>
  <testcase name="testEnableJWTAndClaims" time="17.235" classname="org.wso2.am.integration.tests.jwt.JWTTestCase"/>
</testsuite>
