<?xml version="1.0" encoding="UTF-8"?>
<!-- Generated by org.testng.reporters.JUnitReportReporter -->
<testsuite hostname="ip-172-31-31-95.ec2.internal" name="org.wso2.am.integration.tests.api.lifecycle.ChangeAPIEndPointURLTestCase" tests="3" failures="0" timestamp="5 Nov 2018 08:23:55 GMT" time="16.737" errors="0">
  <testcase name="testEditEndPointURL" time="16.564" classname="org.wso2.am.integration.tests.api.lifecycle.ChangeAPIEndPointURLTestCase"/>
  <testcase name="testAPIInvocationBeforeChangeTheEndPointURL" time="0.029" classname="org.wso2.am.integration.tests.api.lifecycle.ChangeAPIEndPointURLTestCase"/>
  <testcase name="testInvokeAPIAfterChangeAPIEndPointURLWithNewEndPointURL" time="0.144" classname="org.wso2.am.integration.tests.api.lifecycle.ChangeAPIEndPointURLTestCase"/>
</testsuite>
