<?xml version="1.0" encoding="UTF-8"?>
<!-- Generated by org.testng.reporters.JUnitReportReporter -->
<testsuite hostname="ip-172-31-31-95.ec2.internal" name="org.wso2.am.integration.tests.other.APIMANAGER2611EndpointValidationTestCase" tests="2" failures="0" timestamp="5 Nov 2018 08:23:55 GMT" time="2.758" errors="0">
  <testcase name="checkEndpointValidation" time="0.733" classname="org.wso2.am.integration.tests.other.APIMANAGER2611EndpointValidationTestCase"/>
  <testcase name="checkEndpointValidation" time="2.025" classname="org.wso2.am.integration.tests.other.APIMANAGER2611EndpointValidationTestCase"/>
</testsuite>
