<?xml version="1.0" encoding="UTF-8"?>
<!-- Generated by org.testng.reporters.JUnitReportReporter -->
<testsuite hostname="ip-172-31-31-95.ec2.internal" name="org.wso2.am.integration.tests.version.DefaultVersionAPITestCase" tests="2" failures="0" timestamp="5 Nov 2018 08:23:55 GMT" time="9.073" errors="0">
  <testcase name="testDefaultVersionAPI" time="4.419" classname="org.wso2.am.integration.tests.version.DefaultVersionAPITestCase"/>
  <testcase name="testDefaultVersionAPI" time="4.654" classname="org.wso2.am.integration.tests.version.DefaultVersionAPITestCase"/>
</testsuite>
