<?xml version="1.0" encoding="UTF-8"?>
<!-- Generated by org.testng.reporters.JUnitReportReporter -->
<testsuite hostname="ip-172-31-31-95.ec2.internal" name="org.wso2.am.integration.tests.publisher.APIM534GetAllTheAPIsCreatedThroughThePublisherRestAPITestCase" tests="4" failures="0" timestamp="5 Nov 2018 08:23:55 GMT" time="3.423" errors="0">
  <testcase name="testCheckIfAnAPIExistsThroughThePublisherRestAPI" time="0.011" classname="org.wso2.am.integration.tests.publisher.APIM534GetAllTheAPIsCreatedThroughThePublisherRestAPITestCase"/>
  <testcase name="testGetAllTheAPICreatedThroughThePublisherRestAPI" time="1.090" classname="org.wso2.am.integration.tests.publisher.APIM534GetAllTheAPIsCreatedThroughThePublisherRestAPITestCase"/>
  <testcase name="testGetAllTheAPICreatedThroughThePublisherRestAPI" time="1.266" classname="org.wso2.am.integration.tests.publisher.APIM534GetAllTheAPIsCreatedThroughThePublisherRestAPITestCase"/>
  <testcase name="testGetAllTheAPICreatedThroughThePublisherRestAPI" time="1.056" classname="org.wso2.am.integration.tests.publisher.APIM534GetAllTheAPIsCreatedThroughThePublisherRestAPITestCase"/>
</testsuite>
